This is pdfTeX, Version 3.14159265-2.6-1.40.19 (MiKTeX 2.9.6650) (preloaded format=pdflatex 2018.4.13)  19 MAY 2018 22:03
entering extended mode
**./thesis.tex
(thesis.tex
LaTeX2e <2018-04-01> patch level 2
Babel <3.18> and hyphenation patterns for 0 language(s) loaded.
(/home/max/mytexmf/tex/latex/tuddesign/tudthesis.cls
Document Class: tudthesis 2009/05/15 0.96 Joe Werner's TUD-Design-Manual packag
e
(/home/max/.miktex/texmfs/install/tex/latex/xkeyval/xkeyval.sty
Package: xkeyval 2014/12/03 v2.7a package option processing (HA)

(/home/max/.miktex/texmfs/install/tex/generic/xkeyval/xkeyval.tex
(/home/max/.miktex/texmfs/install/tex/generic/xkeyval/xkvutils.tex
\XKV@toks=\toks14
\XKV@tempa@toks=\toks15

(/home/max/.miktex/texmfs/install/tex/generic/xkeyval/keyval.tex))
\XKV@depth=\count80
File: xkeyval.tex 2014/12/03 v2.7a key=value parser (HA)
))
Class tudthesis Info: Unknown option 'article`. Pass to tudreport class. on inp
ut line 37.
Class tudthesis Info: Unknown option 'colorback`. Pass to tudreport class. on i
nput line 37.
Class tudthesis Info: Unknown option 'accentcolor=tud9c`. Pass to tudreport cla
ss. on input line 37.

(/home/max/mytexmf/tex/latex/tuddesign/tudreport.cls
Document Class: tudreport 2009/11/17 1.13 Clemens von Loewenich's and Joe Werne
r's TUD-Design package
(/home/max/.miktex/texmfs/install/tex/latex/base/ifthen.sty
Package: ifthen 2014/09/29 v1.1c Standard LaTeX ifthen package (DPC)
)
Class tudreport Info: Option `paper=a4report' selected. on input line 142.

(/home/max/.miktex/texmfs/install/tex/latex/koma-script/scrartcl.cls
Document Class: scrartcl 2018/03/30 v3.25 KOMA-Script document class (article)
(/home/max/.miktex/texmfs/install/tex/latex/koma-script/scrkbase.sty
Package: scrkbase 2018/03/30 v3.25 KOMA-Script package (KOMA-Script-dependent b
asics and keyval usage)

(/home/max/.miktex/texmfs/install/tex/latex/koma-script/scrbase.sty
Package: scrbase 2018/03/30 v3.25 KOMA-Script package (KOMA-Script-independent 
basics and keyval usage)

(/home/max/.miktex/texmfs/install/tex/latex/koma-script/scrlfile.sty
Package: scrlfile 2018/03/30 v3.25 KOMA-Script package (loading files)
)))
(/home/max/.miktex/texmfs/install/tex/latex/koma-script/tocbasic.sty
Package: tocbasic 2018/03/30 v3.25 KOMA-Script package (handling toc-files)
\scr@dte@tocline@numberwidth=\skip41
\scr@dte@tocline@numbox=\box26
)
Package tocbasic Info: omitting babel extension for `toc'
(tocbasic)             because of feature `nobabel' available
(tocbasic)             for `toc' on input line 134.
Class scrartcl Info: File `scrsize11pt.clo' used instead of
(scrartcl)           file `scrsize11.clo' to setup font sizes on input line 211
4.

(/home/max/.miktex/texmfs/install/tex/latex/koma-script/scrsize11pt.clo
File: scrsize11pt.clo 2018/03/30 v3.25 KOMA-Script font size class option (11pt
)
)
(/home/max/.miktex/texmfs/install/tex/latex/koma-script/typearea.sty
Package: typearea 2018/03/30 v3.25 KOMA-Script package (type area)
\ta@bcor=\skip42
\ta@div=\count81
\ta@hblk=\skip43
\ta@vblk=\skip44
\ta@temp=\skip45
\footheight=\skip46
Package typearea Info: These are the values describing the layout:
(typearea)             DIV  = 10
(typearea)             BCOR = 0.0pt
(typearea)             \paperwidth      = 597.50793pt
(typearea)              \textwidth      = 418.25555pt
(typearea)              DIV departure   = -6%
(typearea)              \evensidemargin = 17.3562pt
(typearea)              \oddsidemargin  = 17.3562pt
(typearea)             \paperheight     = 845.04694pt
(typearea)              \textheight     = 595.80026pt
(typearea)              \topmargin      = -25.16531pt
(typearea)              \headheight     = 17.0pt
(typearea)              \headsep        = 20.40001pt
(typearea)              \topskip        = 11.0pt
(typearea)              \footskip       = 47.6pt
(typearea)              \baselineskip   = 13.6pt
(typearea)              on input line 1706.
)
\c@part=\count82
\c@section=\count83
\c@subsection=\count84
\c@subsubsection=\count85
\c@paragraph=\count86
\c@subparagraph=\count87
\scr@dte@part@maxnumwidth=\skip47
\scr@dte@section@maxnumwidth=\skip48
\scr@dte@subsection@maxnumwidth=\skip49
\scr@dte@subsubsection@maxnumwidth=\skip50
\scr@dte@paragraph@maxnumwidth=\skip51
\scr@dte@subparagraph@maxnumwidth=\skip52
\abovecaptionskip=\skip53
\belowcaptionskip=\skip54
\c@pti@nb@sid@b@x=\box27
\scr@dte@figure@maxnumwidth=\skip55
Package tocbasic Info: omitting babel extension for `lof'
(tocbasic)             because of feature `nobabel' available
(tocbasic)             for `lof' on input line 5439.
\c@figure=\count88
\scr@dte@table@maxnumwidth=\skip56
Package tocbasic Info: omitting babel extension for `lot'
(tocbasic)             because of feature `nobabel' available
(tocbasic)             for `lot' on input line 5451.
\c@table=\count89
Class scrartcl Info: Redefining `\numberline' on input line 5615.
\bibindent=\dimen102
)
(/home/max/.miktex/texmfs/install/tex/latex/tools/calc.sty
Package: calc 2017/05/25 v4.3 Infix arithmetic (KKT,FJ)
\calc@Acount=\count90
\calc@Bcount=\count91
\calc@Adimen=\dimen103
\calc@Bdimen=\dimen104
\calc@Askip=\skip57
\calc@Bskip=\skip58
LaTeX Info: Redefining \setlength on input line 80.
LaTeX Info: Redefining \addtolength on input line 81.
\calc@Ccount=\count92
\calc@Cskip=\skip59
)
(/home/max/mytexmf/tex/latex/tuddesign/colours/tudcolours.sty
Package: tudcolours 2009/03/12 1.9 Clemens von Loewenich's and Joe Werner's TUD
-Design package

(/home/max/.miktex/texmfs/install/tex/latex/xcolor/xcolor.sty
Package: xcolor 2016/05/11 v2.12 LaTeX color extensions (UK)

(/home/max/.miktex/texmfs/install/tex/latex/graphics-cfg/color.cfg
File: color.cfg 2016/01/02 v1.6 sample color configuration
)
Package xcolor Info: Package option `override' ignored on input line 216.
Package xcolor Info: Driver file: pdftex.def on input line 225.

(/home/max/.miktex/texmfs/install/tex/latex/graphics-def/pdftex.def
File: pdftex.def 2018/01/08 v1.0l Graphics/color driver for pdftex
)
Package xcolor Info: Model `cmy' substituted by `cmy0' on input line 1348.
Package xcolor Info: Model `hsb' substituted by `rgb' on input line 1352.
Package xcolor Info: Model `RGB' extended on input line 1364.
Package xcolor Info: Model `HTML' substituted by `rgb' on input line 1366.
Package xcolor Info: Model `Hsb' substituted by `hsb' on input line 1367.
Package xcolor Info: Model `tHsb' substituted by `hsb' on input line 1368.
Package xcolor Info: Model `HSB' substituted by `hsb' on input line 1369.
Package xcolor Info: Model `Gray' substituted by `gray' on input line 1370.
Package xcolor Info: Model `wave' substituted by `hsb' on input line 1371.
)
(/home/max/mytexmf/tex/latex/tuddesign/colours/tudcolours.cfg
File: tudcolours.cfg 2008/12/03
)
(/home/max/mytexmf/tex/latex/tuddesign/colours/tudcolours.def
File: tudcolours.def 2008/12/03
))
(/home/max/mytexmf/tex/latex/tuddesign/report/tudreprt_fonts.sty
Package: tudreprt_fonts 2009/00/18 1.11 Clemens von Loewenich's and Joe Werner'
s TUD-Design package

(/home/max/mytexmf/tex/latex/tuddesign/base/tudfonts.sty
Package: tudfonts 2009/09/18 1.12 Clemens von Loewenich's and Joe Werner's TUD-
Design package

(/home/max/.miktex/texmfs/install/tex/latex/base/fontenc.sty
Package: fontenc 2017/04/05 v2.0i Standard LaTeX package

(/home/max/.miktex/texmfs/install/tex/latex/base/t1enc.def
File: t1enc.def 2017/04/05 v2.0i Standard LaTeX file
LaTeX Font Info:    Redeclaring font encoding T1 on input line 48.
))
(/home/max/.miktex/texmfs/install/tex/latex/base/textcomp.sty
Package: textcomp 2017/04/05 v2.0i Standard LaTeX package
Package textcomp Info: Sub-encoding information:
(textcomp)               5 = only ISO-Adobe without \textcurrency
(textcomp)               4 = 5 + \texteuro
(textcomp)               3 = 4 + \textohm
(textcomp)               2 = 3 + \textestimated + \textcurrency
(textcomp)               1 = TS1 - \textcircled - \t
(textcomp)               0 = TS1 (full)
(textcomp)             Font families with sub-encoding setting implement
(textcomp)             only a restricted character set as indicated.
(textcomp)             Family '?' is the default used for unknown fonts.
(textcomp)             See the documentation for details.
Package textcomp Info: Setting ? sub-encoding to TS1/1 on input line 79.
Package textcomp Info: Changing ? sub-encoding to TS1/4 on input line 80.

(/home/max/.miktex/texmfs/install/tex/latex/base/ts1enc.def
File: ts1enc.def 2001/06/05 v3.0e (jk/car/fm) Standard LaTeX file
Now handling font encoding TS1 ...
... processing UTF-8 mapping file for font encoding TS1

(/home/max/.miktex/texmfs/install/tex/latex/base/ts1enc.dfu
File: ts1enc.dfu 2018/04/05 v1.2c UTF-8 support for inputenc
   defining Unicode char U+00A2 (decimal 162)
   defining Unicode char U+00A3 (decimal 163)
   defining Unicode char U+00A4 (decimal 164)
   defining Unicode char U+00A5 (decimal 165)
   defining Unicode char U+00A6 (decimal 166)
   defining Unicode char U+00A7 (decimal 167)
   defining Unicode char U+00A8 (decimal 168)
   defining Unicode char U+00A9 (decimal 169)
   defining Unicode char U+00AA (decimal 170)
   defining Unicode char U+00AC (decimal 172)
   defining Unicode char U+00AE (decimal 174)
   defining Unicode char U+00AF (decimal 175)
   defining Unicode char U+00B0 (decimal 176)
   defining Unicode char U+00B1 (decimal 177)
   defining Unicode char U+00B2 (decimal 178)
   defining Unicode char U+00B3 (decimal 179)
   defining Unicode char U+00B4 (decimal 180)
   defining Unicode char U+00B5 (decimal 181)
   defining Unicode char U+00B6 (decimal 182)
   defining Unicode char U+00B7 (decimal 183)
   defining Unicode char U+00B9 (decimal 185)
   defining Unicode char U+00BA (decimal 186)
   defining Unicode char U+00BC (decimal 188)
   defining Unicode char U+00BD (decimal 189)
   defining Unicode char U+00BE (decimal 190)
   defining Unicode char U+00D7 (decimal 215)
   defining Unicode char U+00F7 (decimal 247)
   defining Unicode char U+0192 (decimal 402)
   defining Unicode char U+02C7 (decimal 711)
   defining Unicode char U+02D8 (decimal 728)
   defining Unicode char U+02DD (decimal 733)
   defining Unicode char U+0E3F (decimal 3647)
   defining Unicode char U+2016 (decimal 8214)
   defining Unicode char U+2020 (decimal 8224)
   defining Unicode char U+2021 (decimal 8225)
   defining Unicode char U+2022 (decimal 8226)
   defining Unicode char U+2030 (decimal 8240)
   defining Unicode char U+2031 (decimal 8241)
   defining Unicode char U+203B (decimal 8251)
   defining Unicode char U+203D (decimal 8253)
   defining Unicode char U+2044 (decimal 8260)
   defining Unicode char U+204E (decimal 8270)
   defining Unicode char U+2052 (decimal 8274)
   defining Unicode char U+20A1 (decimal 8353)
   defining Unicode char U+20A4 (decimal 8356)
   defining Unicode char U+20A6 (decimal 8358)
   defining Unicode char U+20A9 (decimal 8361)
   defining Unicode char U+20AB (decimal 8363)
   defining Unicode char U+20AC (decimal 8364)
   defining Unicode char U+20B1 (decimal 8369)
   defining Unicode char U+2103 (decimal 8451)
   defining Unicode char U+2116 (decimal 8470)
   defining Unicode char U+2117 (decimal 8471)
   defining Unicode char U+211E (decimal 8478)
   defining Unicode char U+2120 (decimal 8480)
   defining Unicode char U+2122 (decimal 8482)
   defining Unicode char U+2126 (decimal 8486)
   defining Unicode char U+2127 (decimal 8487)
   defining Unicode char U+212E (decimal 8494)
   defining Unicode char U+2190 (decimal 8592)
   defining Unicode char U+2191 (decimal 8593)
   defining Unicode char U+2192 (decimal 8594)
   defining Unicode char U+2193 (decimal 8595)
   defining Unicode char U+2329 (decimal 9001)
   defining Unicode char U+232A (decimal 9002)
   defining Unicode char U+2422 (decimal 9250)
   defining Unicode char U+25E6 (decimal 9702)
   defining Unicode char U+25EF (decimal 9711)
   defining Unicode char U+266A (decimal 9834)
   defining Unicode char U+FEFF (decimal 65279)
))
LaTeX Info: Redefining \oldstylenums on input line 334.
Package textcomp Info: Setting cmr sub-encoding to TS1/0 on input line 349.
Package textcomp Info: Setting cmss sub-encoding to TS1/0 on input line 350.
Package textcomp Info: Setting cmtt sub-encoding to TS1/0 on input line 351.
Package textcomp Info: Setting cmvtt sub-encoding to TS1/0 on input line 352.
Package textcomp Info: Setting cmbr sub-encoding to TS1/0 on input line 353.
Package textcomp Info: Setting cmtl sub-encoding to TS1/0 on input line 354.
Package textcomp Info: Setting ccr sub-encoding to TS1/0 on input line 355.
Package textcomp Info: Setting ptm sub-encoding to TS1/4 on input line 356.
Package textcomp Info: Setting pcr sub-encoding to TS1/4 on input line 357.
Package textcomp Info: Setting phv sub-encoding to TS1/4 on input line 358.
Package textcomp Info: Setting ppl sub-encoding to TS1/3 on input line 359.
Package textcomp Info: Setting pag sub-encoding to TS1/4 on input line 360.
Package textcomp Info: Setting pbk sub-encoding to TS1/4 on input line 361.
Package textcomp Info: Setting pnc sub-encoding to TS1/4 on input line 362.
Package textcomp Info: Setting pzc sub-encoding to TS1/4 on input line 363.
Package textcomp Info: Setting bch sub-encoding to TS1/4 on input line 364.
Package textcomp Info: Setting put sub-encoding to TS1/5 on input line 365.
Package textcomp Info: Setting uag sub-encoding to TS1/5 on input line 366.
Package textcomp Info: Setting ugq sub-encoding to TS1/5 on input line 367.
Package textcomp Info: Setting ul8 sub-encoding to TS1/4 on input line 368.
Package textcomp Info: Setting ul9 sub-encoding to TS1/4 on input line 369.
Package textcomp Info: Setting augie sub-encoding to TS1/5 on input line 370.
Package textcomp Info: Setting dayrom sub-encoding to TS1/3 on input line 371.
Package textcomp Info: Setting dayroms sub-encoding to TS1/3 on input line 372.

Package textcomp Info: Setting pxr sub-encoding to TS1/0 on input line 373.
Package textcomp Info: Setting pxss sub-encoding to TS1/0 on input line 374.
Package textcomp Info: Setting pxtt sub-encoding to TS1/0 on input line 375.
Package textcomp Info: Setting txr sub-encoding to TS1/0 on input line 376.
Package textcomp Info: Setting txss sub-encoding to TS1/0 on input line 377.
Package textcomp Info: Setting txtt sub-encoding to TS1/0 on input line 378.
Package textcomp Info: Setting lmr sub-encoding to TS1/0 on input line 379.
Package textcomp Info: Setting lmdh sub-encoding to TS1/0 on input line 380.
Package textcomp Info: Setting lmss sub-encoding to TS1/0 on input line 381.
Package textcomp Info: Setting lmssq sub-encoding to TS1/0 on input line 382.
Package textcomp Info: Setting lmvtt sub-encoding to TS1/0 on input line 383.
Package textcomp Info: Setting lmtt sub-encoding to TS1/0 on input line 384.
Package textcomp Info: Setting qhv sub-encoding to TS1/0 on input line 385.
Package textcomp Info: Setting qag sub-encoding to TS1/0 on input line 386.
Package textcomp Info: Setting qbk sub-encoding to TS1/0 on input line 387.
Package textcomp Info: Setting qcr sub-encoding to TS1/0 on input line 388.
Package textcomp Info: Setting qcs sub-encoding to TS1/0 on input line 389.
Package textcomp Info: Setting qpl sub-encoding to TS1/0 on input line 390.
Package textcomp Info: Setting qtm sub-encoding to TS1/0 on input line 391.
Package textcomp Info: Setting qzc sub-encoding to TS1/0 on input line 392.
Package textcomp Info: Setting qhvc sub-encoding to TS1/0 on input line 393.
Package textcomp Info: Setting futs sub-encoding to TS1/4 on input line 394.
Package textcomp Info: Setting futx sub-encoding to TS1/4 on input line 395.
Package textcomp Info: Setting futj sub-encoding to TS1/4 on input line 396.
Package textcomp Info: Setting hlh sub-encoding to TS1/3 on input line 397.
Package textcomp Info: Setting hls sub-encoding to TS1/3 on input line 398.
Package textcomp Info: Setting hlst sub-encoding to TS1/3 on input line 399.
Package textcomp Info: Setting hlct sub-encoding to TS1/5 on input line 400.
Package textcomp Info: Setting hlx sub-encoding to TS1/5 on input line 401.
Package textcomp Info: Setting hlce sub-encoding to TS1/5 on input line 402.
Package textcomp Info: Setting hlcn sub-encoding to TS1/5 on input line 403.
Package textcomp Info: Setting hlcw sub-encoding to TS1/5 on input line 404.
Package textcomp Info: Setting hlcf sub-encoding to TS1/5 on input line 405.
Package textcomp Info: Setting pplx sub-encoding to TS1/3 on input line 406.
Package textcomp Info: Setting pplj sub-encoding to TS1/3 on input line 407.
Package textcomp Info: Setting ptmx sub-encoding to TS1/4 on input line 408.
Package textcomp Info: Setting ptmj sub-encoding to TS1/4 on input line 409.
)
(/home/max/.miktex/texmfs/install/tex/latex/base/fix-cm.sty
Package: fix-cm 2015/01/14 v1.1t fixes to LaTeX

(/home/max/.miktex/texmfs/install/tex/latex/base/ts1enc.def
File: ts1enc.def 2001/06/05 v3.0e (jk/car/fm) Standard LaTeX file
LaTeX Font Info:    Redeclaring font encoding TS1 on input line 47.
))
(/home/max/.miktex/texmfs/install/tex/latex/mathdesign/mathdesign.sty
Package: mathdesign 2013/08/29 v2.31 Math Design Project

(/home/max/.miktex/texmfs/install/tex/latex/mathdesign/mdbch/mdbch.cfg)
(/home/max/.miktex/texmfs/install/tex/latex/mathdesign/mdbch/mdbch.sty
Package: mdbch 2013/08/29 v2.31 bitstream bitstream charter + mdbch (Math Desig
n Project)

(/home/max/.miktex/texmfs/install/tex/latex/mathdesign/mdfont.def
File: mdfont.def 2013/08/29 v2.31 (Math Design Project)
)
(/home/max/.miktex/texmfs/install/tex/latex/mathdesign/mdsffont.def
File: mdsffont.def 2013/08/29 v2.31 (Math Design Project)
)
(/home/max/.miktex/texmfs/install/tex/latex/mathdesign/mdttfont.def
File: mdttfont.def 2013/08/29 v2.31 (Math Design Project)
)
\symmdcal=\mathgroup4
LaTeX Font Info:    Overwriting symbol font `mdcal' in version `bold'
(Font)                  OMS/mdbch/m/n --> OMS/mdbch/b/n on input line 97.
\symmdscr=\mathgroup5
LaTeX Font Info:    Overwriting symbol font `mdscr' in version `bold'
(Font)                  OMS/mdbch/m/n --> OMS/mdbch/b/n on input line 103.
LaTeX Font Info:    Overwriting math alphabet `\mathfrak' in version `bold'
(Font)                  U/xmdeuf/m/n --> U/xmdeuf/b/n on input line 110.
LaTeX Font Info:    Overwriting symbol font `operators' in version `normal'
(Font)                  OT1/cmr/m/n --> OT1/mdbch/m/n on input line 121.
LaTeX Font Info:    Overwriting symbol font `letters' in version `normal'
(Font)                  OML/cmm/m/it --> OML/mdbch/m/it on input line 122.
LaTeX Font Info:    Overwriting symbol font `symbols' in version `normal'
(Font)                  OMS/cmsy/m/n --> OMS/mdbch/m/n on input line 123.
LaTeX Font Info:    Overwriting symbol font `largesymbols' in version `normal'
(Font)                  OMX/cmex/m/n --> OMX/mdbch/m/n on input line 124.
LaTeX Font Info:    Overwriting symbol font `operators' in version `bold'
(Font)                  OT1/cmr/bx/n --> OT1/mdbch/b/n on input line 126.
LaTeX Font Info:    Overwriting symbol font `letters' in version `bold'
(Font)                  OML/cmm/b/it --> OML/mdbch/b/it on input line 127.
LaTeX Font Info:    Overwriting symbol font `symbols' in version `bold'
(Font)                  OMS/cmsy/b/n --> OMS/mdbch/b/n on input line 128.
LaTeX Font Info:    Overwriting symbol font `largesymbols' in version `bold'
(Font)                  OMX/cmex/m/n --> OMX/mdbch/b/n on input line 129.
LaTeX Font Info:    Overwriting math alphabet `\mathrm' in version `normal'
(Font)                  OT1/mdbch/m/n --> T1/mdbch/m/n on input line 131.
LaTeX Font Info:    Overwriting math alphabet `\mathbf' in version `normal'
(Font)                  OT1/cmr/bx/n --> T1/mdbch/b/n on input line 132.
LaTeX Font Info:    Overwriting math alphabet `\mathit' in version `normal'
(Font)                  OT1/cmr/m/it --> T1/mdbch/m/it on input line 133.
LaTeX Font Info:    Overwriting math alphabet `\mathsf' in version `normal'
(Font)                  OT1/cmss/m/n --> T1/cmss/m/n on input line 134.
LaTeX Font Info:    Overwriting math alphabet `\mathtt' in version `normal'
(Font)                  OT1/cmtt/m/n --> T1/cmtt/m/n on input line 135.
LaTeX Font Info:    Overwriting math alphabet `\mathrm' in version `bold'
(Font)                  OT1/mdbch/b/n --> T1/mdbch/b/n on input line 137.
LaTeX Font Info:    Overwriting math alphabet `\mathbf' in version `bold'
(Font)                  OT1/cmr/bx/n --> T1/mdbch/b/n on input line 138.
LaTeX Font Info:    Overwriting math alphabet `\mathit' in version `bold'
(Font)                  OT1/cmr/bx/it --> T1/mdbch/b/it on input line 139.
LaTeX Font Info:    Overwriting math alphabet `\mathsf' in version `bold'
(Font)                  OT1/cmss/bx/n --> T1/cmss/b/n on input line 140.
LaTeX Font Info:    Overwriting math alphabet `\mathtt' in version `bold'
(Font)                  OT1/cmtt/m/n --> T1/cmtt/b/n on input line 141.
\symlettersupright=\mathgroup6
LaTeX Font Info:    Overwriting symbol font `lettersupright' in version `bold'
(Font)                  OML/mdbch/m/n --> OML/mdbch/b/n on input line 144.
LaTeX Font Info:    Redeclaring math alphabet \mathrm on input line 145.
LaTeX Font Info:    Overwriting math alphabet `\mathcal' in version `normal'
(Font)                  OMS/mdbch/m/n --> OMS/mdbch/m/n on input line 167.
LaTeX Font Info:    Try loading font information for T1+mdbch on input line 186
.

(/home/max/.miktex/texmfs/install/tex/latex/mathdesign/mdbch/t1mdbch.fd
File: t1mdbch.fd 2013/08/29 Fontinst v1.933 font definitions for T1/mdbch.
)
LaTeX Font Info:    Font shape `T1/mdbch/m/n' will be
(Font)              scaled to size 10.51207pt on input line 186.
LaTeX Font Info:    Redeclaring math accent \widetilde on input line 449.
LaTeX Font Info:    Redeclaring math accent \widehat on input line 450.
Now handling font encoding MDA ...
... no UTF-8 mapping file for font encoding MDA
\symmathdesignA=\mathgroup7
LaTeX Font Info:    Overwriting symbol font `mathdesignA' in version `bold'
(Font)                  MDA/mdbch/m/n --> MDA/mdbch/b/n on input line 491.
Now handling font encoding MDB ...
... no UTF-8 mapping file for font encoding MDB
\symmathdesignB=\mathgroup8
LaTeX Font Info:    Overwriting symbol font `mathdesignB' in version `bold'
(Font)                  MDB/mdbch/m/n --> MDB/mdbch/b/n on input line 498.
\@emptytoks=\toks16
LaTeX Font Info:    Redeclaring math accent \widetilde on input line 532.
LaTeX Font Info:    Redeclaring math accent \widehat on input line 533.
\rulethickness=\skip60
)
(/home/max/.miktex/texmfs/install/tex/latex/base/fontenc.sty
Package: fontenc 2017/04/05 v2.0i Standard LaTeX package

(/home/max/.miktex/texmfs/install/tex/latex/base/t1enc.def
File: t1enc.def 2017/04/05 v2.0i Standard LaTeX file
LaTeX Font Info:    Redeclaring font encoding T1 on input line 48.
)))
\symutopiasymbol=\mathgroup9
LaTeX Font Info:    Overwriting math alphabet `\mathmb' in version `normal'
(Font)                  T1/5ch/mb/n --> T1/5ch/mb/n on input line 34.
LaTeX Font Info:    Overwriting math alphabet `\mathmb' in version `bold'
(Font)                  T1/5ch/mb/n --> T1/5ch/mb/n on input line 35.
LaTeX Info: Redefining \em on input line 37.
\fontheight=\skip61
\fontdepth=\skip62
\fontstrutbox=\box28
LaTeX Info: Redefining \LaTeX on input line 108.
)
LaTeX Font Info:    Font shape `T1/mdbch/m/n' will be
(Font)              scaled to size 9.12006pt on input line 239.
)
\TUD@headfootsep=\skip63

(/home/max/mytexmf/tex/latex/tuddesign/base/tudpage.sty
Package: tudpage 2009/08/11 1.10 Clemens von Loewenich's and Joe Werner's TUD-D
esign package

(/home/max/mytexmf/tex/latex/tuddesign/base/tudpaper.sty
Package: tudpaper 2009/01/28 1.9 Clemens von Loewenich's and Joe Werner's TUD-D
esign package

(/home/max/.miktex/texmfs/install/tex/latex/graphics/graphicx.sty
Package: graphicx 2017/06/01 v1.1a Enhanced LaTeX Graphics (DPC,SPQR)

(/home/max/.miktex/texmfs/install/tex/latex/graphics/graphics.sty
Package: graphics 2017/06/25 v1.2c Standard LaTeX Graphics (DPC,SPQR)

(/home/max/.miktex/texmfs/install/tex/latex/graphics/trig.sty
Package: trig 2016/01/03 v1.10 sin cos tan (DPC)
)
(/home/max/.miktex/texmfs/install/tex/latex/graphics-cfg/graphics.cfg
File: graphics.cfg 2016/06/04 v1.11 sample graphics configuration
)
Package graphics Info: Driver file: pdftex.def on input line 99.
)
\Gin@req@height=\dimen105
\Gin@req@width=\dimen106
)
(/home/max/.miktex/texmfs/install/tex/latex/eso-pic/eso-pic.sty
Package: eso-pic 2015/07/21 v2.0g eso-pic (RN)

(/home/max/.miktex/texmfs/install/tex/generic/oberdiek/atbegshi.sty
Package: atbegshi 2016/06/09 v1.18 At begin shipout hook (HO)

(/home/max/.miktex/texmfs/install/tex/generic/oberdiek/infwarerr.sty
Package: infwarerr 2016/05/16 v1.4 Providing info/warning/error messages (HO)
)
(/home/max/.miktex/texmfs/install/tex/generic/oberdiek/ltxcmds.sty
Package: ltxcmds 2016/05/16 v1.23 LaTeX kernel commands for general use (HO)
)
(/home/max/.miktex/texmfs/install/tex/generic/oberdiek/ifpdf.sty
Package: ifpdf 2017/03/15 v3.2 Provides the ifpdf switch
)))
\TUD@logo@height=\skip64
\TUD@logo@leftskip=\skip65
\TUD@sep@top=\skip66
\TUD@sep@left=\skip67
\TUD@sep@right=\skip68
\TUD@sep@bottom=\skip69
\TUD@titlepos=\skip70
\TUD@titlebox@sep@left=\skip71
\TUD@titlebox@sep@right=\skip72
\TUD@titlebox@sep@bottom=\skip73
\TUD@subtitlebox@sep=\skip74
\TUD@textwidth=\skip75
\TUD@cols@width=\skip76
\TUD@cols@sep=\skip77
\c@TUD@cols@n=\count93

(/home/max/mytexmf/tex/latex/tuddesign/base/tudrules.sty
Package: tudrules 2008/10/09 1.6 Clemens von Loewenich's and Joe Werner's TUD-D
esign package
\TUD@indentbar@height=\skip78
\TUD@indentbar@depth=\skip79
\TUD@indentbar@totalheight=\skip80
\@TUD@indentbar@width=\skip81
\@TUD@largeruleheight=\skip82
\@TUD@smallruleheight=\skip83
\@TUD@rulesep=\skip84
\@TUD@ruleheight=\skip85
)
\TUD@indentbarheight=\skip86

(/home/max/.miktex/texmfs/install/tex/latex/geometry-de/geometry.sty
Package: geometry 2010/09/12 v5.6 Page Geometry

(/home/max/.miktex/texmfs/install/tex/generic/oberdiek/ifvtex.sty
Package: ifvtex 2016/05/16 v1.6 Detect VTeX and its facilities (HO)
Package ifvtex Info: VTeX not detected.
)
(/home/max/.miktex/texmfs/install/tex/generic/ifxetex/ifxetex.sty
Package: ifxetex 2010/09/12 v0.6 Provides ifxetex conditional
)
\Gm@cnth=\count94
\Gm@cntv=\count95
\c@Gm@tempcnt=\count96
\Gm@bindingoffset=\dimen107
\Gm@wd@mp=\dimen108
\Gm@odd@mp=\dimen109
\Gm@even@mp=\dimen110
\Gm@layoutwidth=\dimen111
\Gm@layoutheight=\dimen112
\Gm@layouthoffset=\dimen113
\Gm@layoutvoffset=\dimen114
\Gm@dimlist=\toks17

(/home/max/.miktex/texmfs/install/tex/latex/geometry/geometry.cfg)))
\TUD@footparindent=\skip87


Class scrartcl Warning: Usage of package `fancyhdr' together
(scrartcl)              with a KOMA-Script class is not recommended.
(scrartcl)              I'd suggest to use 
(scrartcl)              package `scrlayer' or `scrlayer-scrpage', because
(scrartcl)              they support KOMA-Script classes.
(scrartcl)              With `fancyhdr' several features of class `scrartcl'
(scrartcl)              like options `headsepline', `footsepline' or command
(scrartcl)              `\MakeMarkcase' and the commands `\setkomafont' and
(scrartcl)              `\addtokomafont' for the page style elements need
(scrartcl)              explicite user intervention to work.
(scrartcl)              Nevertheless, using requested
(scrartcl)              package `fancyhdr' on input line 47.

(/home/max/.miktex/texmfs/install/tex/latex/fancyhdr/fancyhdr.sty
Package: fancyhdr 2017/06/30 v3.9a Extensive control of page headers and footer
s
\f@nch@headwidth=\skip88
\f@nch@O@elh=\skip89
\f@nch@O@erh=\skip90
\f@nch@O@olh=\skip91
\f@nch@O@orh=\skip92
\f@nch@O@elf=\skip93
\f@nch@O@erf=\skip94
\f@nch@O@olf=\skip95
\f@nch@O@orf=\skip96
))
(/home/max/mytexmf/tex/latex/tuddesign/base/tudheading.sty
Package: tudheading 2009/12/31 1.17 Clemens von Loewenich's and Joe Werner's TU
D-Design package


Class scrartcl Warning: Usage of package `titlesec' together
(scrartcl)              with a KOMA-Script class is not recommended.
(scrartcl)              I'd suggest to use the package only
(scrartcl)              if you really need it, because it breaks several
(scrartcl)              KOMA-Script features, i.e., option `headings' and
(scrartcl)              the extended optional argument of the section
(scrartcl)              commands.
(scrartcl)              Nevertheless, using requested
(scrartcl)              package `titlesec' on input line 12.

(/home/max/.miktex/texmfs/install/tex/latex/titlesec/titlesec.sty
Package: titlesec 2016/03/21 v2.10.2 Sectioning titles
\ttl@box=\box29
\beforetitleunit=\skip97
\aftertitleunit=\skip98
\ttl@plus=\dimen115
\ttl@minus=\dimen116
\ttl@toksa=\toks18
\titlewidth=\dimen117
\titlewidthlast=\dimen118
\titlewidthfirst=\dimen119


Package titlesec Warning: Non standard sectioning command detected
(titlesec)                Using default spacing and no format.


Package titlesec Warning: Non standard sectioning command detected
(titlesec)                Using default spacing and no format.


Package titlesec Warning: Non standard sectioning command detected
(titlesec)                Using default spacing and no format.


Package titlesec Warning: Non standard sectioning command detected
(titlesec)                Using default spacing and no format.


Package titlesec Warning: Non standard sectioning command detected
(titlesec)                Using default spacing and no format.

)

Class scrartcl Warning: Activating an ugly workaround for a missing
(scrartcl)              feature of package `titlesec` on input line 12.

\c@seclinedepth=\count97
\TUD@chapter@diff@height=\skip99
LaTeX Font Info:    Font shape `T1/mdbch/m/n' will be
(Font)              scaled to size 9.60007pt on input line 75.
\@TUD@above@headskip=\skip100
\@TUD@below@headskip=\skip101
(/home/max/mytexmf/tex/latex/tuddesign/base/tudheading.def
File: tudheading.def 2009/07/14
\TUD@part@tmp@height=\skip102
\TUD@part@tmp@depth=\skip103
\@TUD@partbox=\box30
)
\TUD@parind=\skip104
\TUD@chapind=\skip105
\TUD@secind=\skip106
\TUD@subsecind=\skip107
\TUD@subsubsecind=\skip108

(/home/max/.miktex/texmfs/install/tex/latex/titlesec/block.tss
File: block.tss 2016/03/15
))
(/home/max/mytexmf/tex/latex/tuddesign/base/tudredef.sty
Package: tudredef 2010/04/10 1.2 Clemens von Loewenich's and Joe Werner's TUD-D
esign package
\TUD@abstract@count=\count98
)
(/home/max/mytexmf/tex/latex/tuddesign/report/tudreprt_title.sty
Package: tudreprt_title 2014/09/20 1.12 Clemens von Loewenich's and Joe Werner'
s TUD-Design package
\TUD@sponsorlogo=\box31
\TUD@titleskip=\skip109
))
(/home/max/mytexmf/tex/latex/tuddesign/thesis/tudthess_title.sty
Package: tudthess_title 2010/03/22 0.99 Joe Werner's TUD-Design-Manual package
))
(/home/max/.miktex/texmfs/install/tex/generic/babel/babel.sty
Package: babel 2018/02/14 3.18 The Babel package

(/home/max/.miktex/texmfs/install/tex/generic/babel/switch.def
File: switch.def 2018/02/14 3.18 Babel switching mechanism
)
*************************************
* Local config file bblopts.cfg used
*
(/home/max/.miktex/texmfs/install/tex/latex/arabi/bblopts.cfg
File: bblopts.cfg 2005/09/08 v0.1 add Arabic and Farsi to "declared" options of
 babel
)
(/home/max/.miktex/texmfs/install/tex/latex/babel-english/english.ldf
Language: english 2017/06/06 v3.3r English support from the babel system

(/home/max/.miktex/texmfs/install/tex/generic/babel/babel.def
File: babel.def 2018/02/14 3.18 Babel common definitions
\babel@savecnt=\count99
\U@D=\dimen120

(/home/max/.miktex/texmfs/install/tex/generic/babel/txtbabel.def)
\bbl@dirlevel=\count100
)
\l@british = a dialect from \language\l@english 
\l@UKenglish = a dialect from \language\l@english 
\l@american = a dialect from \language\l@english 
\l@canadian = a dialect from \language\l@american 
\l@australian = a dialect from \language\l@british 
\l@newzealand = a dialect from \language\l@british 
))
(/home/max/.miktex/texmfs/install/tex/latex/natbib/natbib.sty
Package: natbib 2010/09/13 8.31b (PWD, AO)
\bibhang=\skip110
\bibsep=\skip111
LaTeX Info: Redefining \cite on input line 694.
\c@NAT@ctr=\count101
)
(/home/max/.miktex/texmfs/install/tex/latex/acronym/acronym.sty
Package: acronym 2015/03/21 v1.41 Support for acronyms (Tobias Oetiker)

(/home/max/.miktex/texmfs/install/tex/latex/bigfoot/suffix.sty
Package: suffix 2006/07/15 1.5a Variant command support
)
(/home/max/.miktex/texmfs/install/tex/latex/xstring/xstring.sty
(/home/max/.miktex/texmfs/install/tex/generic/xstring/xstring.tex
\@xs@message=\write3
\integerpart=\count102
\decimalpart=\count103
)
Package: xstring 2013/10/13  v1.7c  String manipulations (C Tellechea)
)
\AC@clearlist=\toks19
)
(/home/max/.miktex/texmfs/install/tex/latex/multirow/multirow.sty
Package: multirow 2016/11/25 v2.2 Span multiple rows of a table
\multirow@colwidth=\skip112
\multirow@cntb=\count104
\multirow@dima=\skip113
\bigstrutjot=\dimen121
)
(/home/max/.miktex/texmfs/install/tex/latex/booktabs/booktabs.sty
Package: booktabs 2005/04/14 v1.61803 publication quality tables
\heavyrulewidth=\dimen122
\lightrulewidth=\dimen123
\cmidrulewidth=\dimen124
\belowrulesep=\dimen125
\belowbottomsep=\dimen126
\aboverulesep=\dimen127
\abovetopsep=\dimen128
\cmidrulesep=\dimen129
\cmidrulekern=\dimen130
\defaultaddspace=\dimen131
\@cmidla=\count105
\@cmidlb=\count106
\@aboverulesep=\dimen132
\@belowrulesep=\dimen133
\@thisruleclass=\count107
\@lastruleclass=\count108
\@thisrulewidth=\dimen134
)
(/home/max/.miktex/texmfs/install/tex/latex/tools/tabularx.sty
Package: tabularx 2016/02/03 v2.11b `tabularx' package (DPC)

(/home/max/.miktex/texmfs/install/tex/latex/tools/array.sty
Package: array 2018/04/07 v2.4g Tabular extension package (FMi)
\col@sep=\dimen135
\ar@mcellbox=\box32
\extrarowheight=\dimen136
\NC@list=\toks20
\extratabsurround=\skip114
\backup@length=\skip115
\ar@cellbox=\box33
)
\TX@col@width=\dimen137
\TX@old@table=\dimen138
\TX@old@col=\dimen139
\TX@target=\dimen140
\TX@delta=\dimen141
\TX@cols=\count109
\TX@ftn=\toks21
)
(/home/max/.miktex/texmfs/install/tex/latex/placeins/placeins.sty
Package: placeins 2005/04/18  v 2.2
)
(/home/max/.miktex/texmfs/install/tex/latex/etoolbox/etoolbox.sty
Package: etoolbox 2018/02/11 v2.5e e-TeX tools for LaTeX (JAW)
\etb@tempcnta=\count110
)
(/home/max/.miktex/texmfs/install/tex/latex/setspace/setspace.sty
Package: setspace 2011/12/19 v6.7a set line spacing
)
(/home/max/.miktex/texmfs/install/tex/latex/amsmath/amsmath.sty
Package: amsmath 2017/09/02 v2.17a AMS math features
\@mathmargin=\skip116

For additional information on amsmath, use the `?' option.
(/home/max/.miktex/texmfs/install/tex/latex/amsmath/amstext.sty
Package: amstext 2000/06/29 v2.01 AMS text

(/home/max/.miktex/texmfs/install/tex/latex/amsmath/amsgen.sty
File: amsgen.sty 1999/11/30 v2.0 generic functions
\@emptytoks=\toks22
\ex@=\dimen142
))
(/home/max/.miktex/texmfs/install/tex/latex/amsmath/amsbsy.sty
Package: amsbsy 1999/11/29 v1.2d Bold Symbols
\pmbraise@=\dimen143
)
(/home/max/.miktex/texmfs/install/tex/latex/amsmath/amsopn.sty
Package: amsopn 2016/03/08 v2.02 operator names
)
\inf@bad=\count111
LaTeX Info: Redefining \frac on input line 213.
\uproot@=\count112
\leftroot@=\count113
LaTeX Info: Redefining \overline on input line 375.
\classnum@=\count114
\DOTSCASE@=\count115
LaTeX Info: Redefining \ldots on input line 472.
LaTeX Info: Redefining \dots on input line 475.
LaTeX Info: Redefining \cdots on input line 596.
\Mathstrutbox@=\box34
\strutbox@=\box35
\big@size=\dimen144
LaTeX Font Info:    Redeclaring font encoding OML on input line 712.
LaTeX Font Info:    Redeclaring font encoding OMS on input line 713.
\macc@depth=\count116
\c@MaxMatrixCols=\count117
\dotsspace@=\muskip10
\c@parentequation=\count118
\dspbrk@lvl=\count119
\tag@help=\toks23
\row@=\count120
\column@=\count121
\maxfields@=\count122
\andhelp@=\toks24
\eqnshift@=\dimen145
\alignsep@=\dimen146
\tagshift@=\dimen147
\tagwidth@=\dimen148
\totwidth@=\dimen149
\lineht@=\dimen150
\@envbody=\toks25
\multlinegap=\skip117
\multlinetaggap=\skip118
\mathdisplay@stack=\toks26
LaTeX Info: Redefining \[ on input line 2817.
LaTeX Info: Redefining \] on input line 2818.
)
(/home/max/.miktex/texmfs/install/tex/latex/hyperref/hyperref.sty
Package: hyperref 2018/02/06 v6.86b Hypertext links for LaTeX

(/home/max/.miktex/texmfs/install/tex/generic/oberdiek/hobsub-hyperref.sty
Package: hobsub-hyperref 2016/05/16 v1.14 Bundle oberdiek, subset hyperref (HO)


(/home/max/.miktex/texmfs/install/tex/generic/oberdiek/hobsub-generic.sty
Package: hobsub-generic 2016/05/16 v1.14 Bundle oberdiek, subset generic (HO)
Package: hobsub 2016/05/16 v1.14 Construct package bundles (HO)
Package hobsub Info: Skipping package `infwarerr' (already loaded).
Package hobsub Info: Skipping package `ltxcmds' (already loaded).
Package: ifluatex 2016/05/16 v1.4 Provides the ifluatex switch (HO)
Package ifluatex Info: LuaTeX not detected.
Package hobsub Info: Skipping package `ifvtex' (already loaded).
Package: intcalc 2016/05/16 v1.2 Expandable calculations with integers (HO)
Package hobsub Info: Skipping package `ifpdf' (already loaded).
Package: etexcmds 2016/05/16 v1.6 Avoid name clashes with e-TeX commands (HO)
Package etexcmds Info: Could not find \expanded.
(etexcmds)             That can mean that you are not using pdfTeX 1.50 or
(etexcmds)             that some package has redefined \expanded.
(etexcmds)             In the latter case, load this package earlier.
Package: kvsetkeys 2016/05/16 v1.17 Key value parser (HO)
Package: kvdefinekeys 2016/05/16 v1.4 Define keys (HO)
Package: pdftexcmds 2018/01/30 v0.27 Utility functions of pdfTeX for LuaTeX (HO
)
Package pdftexcmds Info: LuaTeX not detected.
Package pdftexcmds Info: \pdf@primitive is available.
Package pdftexcmds Info: \pdf@ifprimitive is available.
Package pdftexcmds Info: \pdfdraftmode found.
Package: pdfescape 2016/05/16 v1.14 Implements pdfTeX's escape features (HO)
Package: bigintcalc 2016/05/16 v1.4 Expandable calculations on big integers (HO
)
Package: bitset 2016/05/16 v1.2 Handle bit-vector datatype (HO)
Package: uniquecounter 2016/05/16 v1.3 Provide unlimited unique counter (HO)
)
Package hobsub Info: Skipping package `hobsub' (already loaded).
Package: letltxmacro 2016/05/16 v1.5 Let assignment for LaTeX macros (HO)
Package: hopatch 2016/05/16 v1.3 Wrapper for package hooks (HO)
Package: xcolor-patch 2016/05/16 xcolor patch
Package: atveryend 2016/05/16 v1.9 Hooks at the very end of document (HO)
Package hobsub Info: Skipping package `atbegshi' (already loaded).
Package: refcount 2016/05/16 v3.5 Data extraction from label references (HO)
Package: hycolor 2016/05/16 v1.8 Color options for hyperref/bookmark (HO)
)
(/home/max/.miktex/texmfs/install/tex/latex/oberdiek/auxhook.sty
Package: auxhook 2016/05/16 v1.4 Hooks for auxiliary files (HO)
)
(/home/max/.miktex/texmfs/install/tex/latex/oberdiek/kvoptions.sty
Package: kvoptions 2016/05/16 v3.12 Key value format for package options (HO)
)
\@linkdim=\dimen151
\Hy@linkcounter=\count123
\Hy@pagecounter=\count124

(/home/max/.miktex/texmfs/install/tex/latex/hyperref/pd1enc.def
File: pd1enc.def 2018/02/06 v6.86b Hyperref: PDFDocEncoding definition (HO)
Now handling font encoding PD1 ...
... no UTF-8 mapping file for font encoding PD1
)
\Hy@SavedSpaceFactor=\count125

(/home/max/.miktex/texmfs/install/tex/latex/00miktex/hyperref.cfg
File: hyperref.cfg 2002/06/06 v1.2 hyperref configuration of TeXLive
)
Package hyperref Info: Option `colorlinks' set `false' on input line 4383.
Package hyperref Info: Hyper figures OFF on input line 4509.
Package hyperref Info: Link nesting OFF on input line 4514.
Package hyperref Info: Hyper index ON on input line 4517.
Package hyperref Info: Plain pages OFF on input line 4524.
Package hyperref Info: Backreferencing OFF on input line 4529.
Package hyperref Info: Implicit mode ON; LaTeX internals redefined.
Package hyperref Info: Bookmarks ON on input line 4762.
\c@Hy@tempcnt=\count126

(/home/max/.miktex/texmfs/install/tex/latex/url/url.sty
\Urlmuskip=\muskip11
Package: url 2013/09/16  ver 3.4  Verb mode for urls, etc.
)
LaTeX Info: Redefining \url on input line 5115.
\XeTeXLinkMargin=\dimen152
\Fld@menulength=\count127
\Field@Width=\dimen153
\Fld@charsize=\dimen154
Package hyperref Info: Hyper figures OFF on input line 6369.
Package hyperref Info: Link nesting OFF on input line 6374.
Package hyperref Info: Hyper index ON on input line 6377.
Package hyperref Info: backreferencing OFF on input line 6384.
Package hyperref Info: Link coloring OFF on input line 6389.
Package hyperref Info: Link coloring with OCG OFF on input line 6394.
Package hyperref Info: PDF/A mode OFF on input line 6399.
LaTeX Info: Redefining \ref on input line 6439.
LaTeX Info: Redefining \pageref on input line 6443.
\Hy@abspage=\count128
\c@Item=\count129
\c@Hfootnote=\count130
)
Package hyperref Info: Driver (autodetected): hpdftex.

(/home/max/.miktex/texmfs/install/tex/latex/hyperref/hpdftex.def
File: hpdftex.def 2018/02/06 v6.86b Hyperref driver for pdfTeX
\Fld@listcount=\count131
\c@bookmark@seq@number=\count132

(/home/max/.miktex/texmfs/install/tex/latex/oberdiek/rerunfilecheck.sty
Package: rerunfilecheck 2016/05/16 v1.8 Rerun checks for auxiliary files (HO)
Package uniquecounter Info: New unique counter `rerunfilecheck' on input line 2
82.
)
\Hy@SectionHShift=\skip119
)
(/home/max/.miktex/texmfs/install/tex/latex/wrapfig/wrapfig.sty
\wrapoverhang=\dimen155
\WF@size=\dimen156
\c@WF@wrappedlines=\count133
\WF@box=\box36
\WF@everypar=\toks27
Package: wrapfig 2003/01/31  v 3.6
)

LaTeX Warning: Unused global option(s):
    [article,colorback,accentcolor=tud9c].

(thesis.aux)
\openout1 = `thesis.aux'.

LaTeX Font Info:    Checking defaults for OML/cmm/m/it on input line 41.
LaTeX Font Info:    ... okay on input line 41.
LaTeX Font Info:    Checking defaults for T1/cmr/m/n on input line 41.
LaTeX Font Info:    ... okay on input line 41.
LaTeX Font Info:    Checking defaults for OT1/cmr/m/n on input line 41.
LaTeX Font Info:    ... okay on input line 41.
LaTeX Font Info:    Checking defaults for OMS/cmsy/m/n on input line 41.
LaTeX Font Info:    ... okay on input line 41.
LaTeX Font Info:    Checking defaults for OMX/cmex/m/n on input line 41.
LaTeX Font Info:    ... okay on input line 41.
LaTeX Font Info:    Checking defaults for U/cmr/m/n on input line 41.
LaTeX Font Info:    ... okay on input line 41.
LaTeX Font Info:    Checking defaults for TS1/cmr/m/n on input line 41.
LaTeX Font Info:    ... okay on input line 41.
LaTeX Font Info:    Checking defaults for MDA/cmr/m/n on input line 41.
LaTeX Font Info:    Try loading font information for MDA+cmr on input line 41.
 (/home/max/.miktex/texmfs/install/tex/latex/mathdesign/mdacmr.fd
File: mdacmr.fd 
)
LaTeX Font Info:    ... okay on input line 41.
LaTeX Font Info:    Checking defaults for MDB/cmr/m/n on input line 41.
LaTeX Font Info:    Try loading font information for MDB+cmr on input line 41.

(/home/max/.miktex/texmfs/install/tex/latex/mathdesign/mdbcmr.fd
File: mdbcmr.fd 
)
LaTeX Font Info:    ... okay on input line 41.
LaTeX Font Info:    Checking defaults for PD1/pdf/m/n on input line 41.
LaTeX Font Info:    ... okay on input line 41.
LaTeX Font Info:    Try loading font information for T1+5ch on input line 41.

(/home/max/mytexmf/tex/latex/tex-tudfonts/softmake/charter/t15ch.fd
File: t15ch.fd 2008/06/23 Fontinst v1.927 font definitions for T1/5ch.
)
(/home/max/.miktex/texmfs/install/tex/context/base/supp-pdf.mkii
[Loading MPS to PDF converter (version 2006.09.02).]
\scratchcounter=\count134
\scratchdimen=\dimen157
\scratchbox=\box37
\nofMPsegments=\count135
\nofMParguments=\count136
\everyMPshowfont=\toks28
\MPscratchCnt=\count137
\MPscratchDim=\dimen158
\MPnumerator=\count138
\makeMPintoPDFobject=\count139
\everyMPtoPDFconversion=\toks29
) (/home/max/.miktex/texmfs/install/tex/latex/oberdiek/epstopdf-base.sty
Package: epstopdf-base 2016/05/15 v2.6 Base part for package epstopdf

(/home/max/.miktex/texmfs/install/tex/latex/oberdiek/grfext.sty
Package: grfext 2016/05/16 v1.2 Manage graphics extensions (HO)
)
Package epstopdf-base Info: Redefining graphics rule for `.eps' on input line 4
38.
Package grfext Info: Graphics extension search list:
(grfext)             [.pdf,.png,.jpg,.mps,.jpeg,.jbig2,.jb2,.PDF,.PNG,.JPG,.JPE
G,.JBIG2,.JB2,.eps]
(grfext)             \AppendGraphicsExtensions on input line 456.
)
\AtBeginShipoutBox=\box38

*geometry* detected driver: dvips
*geometry* verbose mode - [ preamble ] result:
* driver: dvips
* paper: a4paper
* layout: <same size as paper>
* layoutoffset:(h,v)=(0.0pt,0.0pt)
* modes: includehead includefoot includemp 
* h-part:(L,W,R)=(56.9055pt, 497.92325pt, 42.67912pt)
* v-part:(T,H,B)=(42.67912pt, 745.46222pt, 56.9055pt)
* \paperwidth=597.50787pt
* \paperheight=845.04684pt
* \textwidth=497.92325pt
* \textheight=704.89777pt
* \oddsidemargin=-15.36449pt
* \evensidemargin=-15.36449pt
* \topmargin=-29.59087pt
* \headheight=16.56445pt
* \headsep=12.0pt
* \topskip=11.0pt
* \footskip=12.0pt
* \marginparwidth=0.0pt
* \marginparsep=0.0pt
* \columnsep=11.95013pt
* \skip\footins=10.0pt plus 4.0pt minus 2.0pt
* \hoffset=0.0pt
* \voffset=0.0pt
* \mag=1000
* \@twocolumnfalse
* \@twosidefalse
* \@mparswitchfalse
* \@reversemarginfalse
* (1in=72.27pt=25.4mm, 1cm=28.453pt)

\TUD@part@topskip=\skip120
Package hyperref Info: Link coloring OFF on input line 41.
(/home/max/.miktex/texmfs/install/tex/latex/hyperref/nameref.sty
Package: nameref 2016/05/21 v2.44 Cross-referencing by name of section

(/home/max/.miktex/texmfs/install/tex/generic/oberdiek/gettitlestring.sty
Package: gettitlestring 2016/05/16 v1.5 Cleanup title references (HO)
)
\c@section@level=\count140
)
LaTeX Info: Redefining \ref on input line 41.
LaTeX Info: Redefining \pageref on input line 41.
LaTeX Info: Redefining \nameref on input line 41.

(thesis.out) (thesis.out)
\@outlinefile=\write4
\openout4 = `thesis.out'.



Package  Warning: Command `\dateofexam ' ignored!
()                See documentation for details. on input line 48.

\@TUD@tmp@baselineskip=\skip121
\@TUD@tmp@parwidth=\skip122
\TUD@titleboxheight=\skip123
\TUD@titleboxdepth=\skip124
\TUD@subtitleboxheight=\skip125
\TUD@subtitleboxdepth=\skip126
\TUD@logoboxheight=\skip127
\TUD@logoboxwidth=\skip128
\TUD@colorbackheight=\skip129
\TUD@colorbacktitleheight=\skip130
\TUD@instboxheight=\skip131
\TUD@instboxdepth=\skip132
\TUD@instboxwidth=\skip133
\TUD@instlogoheight=\skip134
\TUD@instlogowidth=\skip135
\TUD@sponsorheight=\skip136
\TUD@titlebox=\box39
\TUD@subtitlebox=\box40
\TUD@logobox=\box41
\TUD@instbox=\box42
\TUD@sponsorbox=\box43
\TUD@tmp@height=\skip137
\TUD@tmp@depth=\skip138
LaTeX Font Info:    Try loading font information for T1+5fp on input line 50.
(/home/max/mytexmf/tex/latex/tex-tudfonts/softmake/frontpage/t15fp.fd
File: t15fp.fd 2009/08/06 Fontinst v1.927 font definitions for T1/5fp.
)
LaTeX Font Info:    Try loading font information for OT1+mdbch on input line 50
.

(/home/max/.miktex/texmfs/install/tex/latex/mathdesign/mdbch/ot1mdbch.fd
File: ot1mdbch.fd 2013/08/29 Fontinst v1.933 font definitions for OT1/mdbch.
)
LaTeX Font Info:    Font shape `OT1/mdbch/m/n' will be
(Font)              scaled to size 9.50406pt on input line 50.
LaTeX Font Info:    Font shape `OT1/mdbch/m/n' will be
(Font)              scaled to size 6.62404pt on input line 50.
LaTeX Font Info:    Font shape `OT1/mdbch/m/n' will be
(Font)              scaled to size 5.66403pt on input line 50.
LaTeX Font Info:    Try loading font information for OML+mdbch on input line 50
.

(/home/max/.miktex/texmfs/install/tex/latex/mathdesign/mdbch/omlmdbch.fd
File: omlmdbch.fd 2013/08/29 Fontinst v1.933 font definitions for OML/mdbch.
)
LaTeX Font Info:    Font shape `OML/mdbch/m/it' will be
(Font)              scaled to size 9.50406pt on input line 50.
LaTeX Font Info:    Font shape `OML/mdbch/m/it' will be
(Font)              scaled to size 6.62404pt on input line 50.
LaTeX Font Info:    Font shape `OML/mdbch/m/it' will be
(Font)              scaled to size 5.66403pt on input line 50.
LaTeX Font Info:    Try loading font information for OMS+mdbch on input line 50
.

(/home/max/.miktex/texmfs/install/tex/latex/mathdesign/mdbch/omsmdbch.fd
File: omsmdbch.fd 2013/08/29 Fontinst v1.933 font definitions for OMS/mdbch.
)
LaTeX Font Info:    Font shape `OMS/mdbch/m/n' will be
(Font)              scaled to size 9.50406pt on input line 50.
LaTeX Font Info:    Font shape `OMS/mdbch/m/n' will be
(Font)              scaled to size 6.62404pt on input line 50.
LaTeX Font Info:    Font shape `OMS/mdbch/m/n' will be
(Font)              scaled to size 5.66403pt on input line 50.
LaTeX Font Info:    Try loading font information for OMX+mdbch on input line 50
.

(/home/max/.miktex/texmfs/install/tex/latex/mathdesign/mdbch/omxmdbch.fd
File: omxmdbch.fd 2013/08/29 Fontinst v1.933 font definitions for OMX/mdbch.
)
LaTeX Font Info:    Font shape `OMX/mdbch/m/n' will be
(Font)              scaled to size 9.50406pt on input line 50.
LaTeX Font Info:    Font shape `OMX/mdbch/m/n' will be
(Font)              scaled to size 6.62404pt on input line 50.
LaTeX Font Info:    Font shape `OMX/mdbch/m/n' will be
(Font)              scaled to size 5.66403pt on input line 50.
LaTeX Font Info:    Font shape `OML/mdbch/m/n' will be
(Font)              scaled to size 9.50406pt on input line 50.
LaTeX Font Info:    Font shape `OML/mdbch/m/n' will be
(Font)              scaled to size 6.62404pt on input line 50.
LaTeX Font Info:    Font shape `OML/mdbch/m/n' will be
(Font)              scaled to size 5.66403pt on input line 50.
LaTeX Font Info:    Try loading font information for MDA+mdbch on input line 50
.

(/home/max/.miktex/texmfs/install/tex/latex/mathdesign/mdbch/mdamdbch.fd
File: mdamdbch.fd 2013/08/29 Fontinst v1.933 font definitions for MDA/mdbch.
)
LaTeX Font Info:    Font shape `MDA/mdbch/m/n' will be
(Font)              scaled to size 9.50406pt on input line 50.
LaTeX Font Info:    Font shape `MDA/mdbch/m/n' will be
(Font)              scaled to size 6.62404pt on input line 50.
LaTeX Font Info:    Font shape `MDA/mdbch/m/n' will be
(Font)              scaled to size 5.66403pt on input line 50.
LaTeX Font Info:    Try loading font information for MDB+mdbch on input line 50
.

(/home/max/.miktex/texmfs/install/tex/latex/mathdesign/mdbch/mdbmdbch.fd
File: mdbmdbch.fd 2013/08/29 Fontinst v1.933 font definitions for MDB/mdbch.
)
LaTeX Font Info:    Font shape `MDB/mdbch/m/n' will be
(Font)              scaled to size 9.50406pt on input line 50.
LaTeX Font Info:    Font shape `MDB/mdbch/m/n' will be
(Font)              scaled to size 6.62404pt on input line 50.
LaTeX Font Info:    Font shape `MDB/mdbch/m/n' will be
(Font)              scaled to size 5.66403pt on input line 50.
LaTeX Font Info:    Try loading font information for OML+mdput on input line 50
.

(/home/max/.miktex/texmfs/install/tex/latex/mathdesign/mdput/omlmdput.fd
File: omlmdput.fd 2013/08/29 Fontinst v1.933 font definitions for OML/mdput.
)
LaTeX Font Info:    Font shape `OML/mdput/m/it' will be
(Font)              scaled to size 9.30602pt on input line 50.
LaTeX Font Info:    Font shape `OML/mdput/m/it' will be
(Font)              scaled to size 6.48601pt on input line 50.
LaTeX Font Info:    Font shape `OML/mdput/m/it' will be
(Font)              scaled to size 5.546pt on input line 50.
\@TUD@titlelines=\count141


Package  Warning: Title has more then 3 lines. Fontsize reduced on input line 5
0.

<tud_logo.pdf, id=307, 157.58875pt x 63.23625pt>
File: tud_logo.pdf Graphic file (type pdf)
<use tud_logo.pdf>
Package pdftex.def Info: tud_logo.pdf  used on input line 50.
(pdftex.def)             Requested size: 134.92238pt x 62.59605pt.
File: tud_logo.pdf Graphic file (type pdf)
<use tud_logo.pdf>
Package pdftex.def Info: tud_logo.pdf  used on input line 50.
(pdftex.def)             Requested size: 134.92238pt x 62.59605pt.

Underfull \hbox (badness 10000) in paragraph at lines 50--50
\T1/5fp/m/n/7 Institut f"ur Angewandte
 []

\@TUD@logolines=\count142

Underfull \hbox (badness 10000) in paragraph at lines 50--50
\T1/5fp/m/n/7 Institut f"ur Angewandte
 []

[-1
Non-PDF special ignored!
<special> papersize=597.50787pt,845.04684pt

Non-PDF special ignored!
<special> papersize=597.50787pt,845.04684pt
{/home/max/.miktex/texmfs/data/pdftex/config/pdftex.map} </home/max/mytexmf/tex
/latex/tuddesign/logo/tud_logo.pdf>]
Underfull \hbox (badness 10000) in paragraph at lines 50--50

 []

LaTeX Font Info:    Try loading font information for T1+5sf on input line 50.
(/home/max/mytexmf/tex/latex/tex-tudfonts/softmake/stafford/t15sf.fd
File: t15sf.fd 2008/06/23 Fontinst v1.927 font definitions for T1/5sf.
)
<by-nc-nd.pdf, id=321, 121.45375pt x 43.16125pt>
File: by-nc-nd.pdf Graphic file (type pdf)
<use by-nc-nd.pdf>
Package pdftex.def Info: by-nc-nd.pdf  used on input line 50.
(pdftex.def)             Requested size: 121.45343pt x 43.16113pt.
 [0

 </home/max/mytexmf/tex/latex/tuddesign/thesis/by-nc-nd.pdf>]
LaTeX Font Info:    Font shape `OT1/mdbch/m/n' will be
(Font)              scaled to size 11.42407pt on input line 51.
LaTeX Font Info:    Font shape `OT1/mdbch/m/n' will be
(Font)              scaled to size 7.96805pt on input line 51.
LaTeX Font Info:    Font shape `OT1/mdbch/m/n' will be
(Font)              scaled to size 6.81604pt on input line 51.
LaTeX Font Info:    Font shape `OML/mdbch/m/it' will be
(Font)              scaled to size 11.42407pt on input line 51.
LaTeX Font Info:    Font shape `OML/mdbch/m/it' will be
(Font)              scaled to size 7.96805pt on input line 51.
LaTeX Font Info:    Font shape `OML/mdbch/m/it' will be
(Font)              scaled to size 6.81604pt on input line 51.
LaTeX Font Info:    Font shape `OMS/mdbch/m/n' will be
(Font)              scaled to size 11.42407pt on input line 51.
LaTeX Font Info:    Font shape `OMS/mdbch/m/n' will be
(Font)              scaled to size 7.96805pt on input line 51.
LaTeX Font Info:    Font shape `OMS/mdbch/m/n' will be
(Font)              scaled to size 6.81604pt on input line 51.
LaTeX Font Info:    Font shape `OMX/mdbch/m/n' will be
(Font)              scaled to size 11.42407pt on input line 51.
LaTeX Font Info:    Font shape `OMX/mdbch/m/n' will be
(Font)              scaled to size 7.96805pt on input line 51.
LaTeX Font Info:    Font shape `OMX/mdbch/m/n' will be
(Font)              scaled to size 6.81604pt on input line 51.
LaTeX Font Info:    Font shape `OML/mdbch/m/n' will be
(Font)              scaled to size 11.42407pt on input line 51.
LaTeX Font Info:    Font shape `OML/mdbch/m/n' will be
(Font)              scaled to size 7.96805pt on input line 51.
LaTeX Font Info:    Font shape `OML/mdbch/m/n' will be
(Font)              scaled to size 6.81604pt on input line 51.
LaTeX Font Info:    Font shape `MDA/mdbch/m/n' will be
(Font)              scaled to size 11.42407pt on input line 51.
LaTeX Font Info:    Font shape `MDA/mdbch/m/n' will be
(Font)              scaled to size 7.96805pt on input line 51.
LaTeX Font Info:    Font shape `MDA/mdbch/m/n' will be
(Font)              scaled to size 6.81604pt on input line 51.
LaTeX Font Info:    Font shape `MDB/mdbch/m/n' will be
(Font)              scaled to size 11.42407pt on input line 51.
LaTeX Font Info:    Font shape `MDB/mdbch/m/n' will be
(Font)              scaled to size 7.96805pt on input line 51.
LaTeX Font Info:    Font shape `MDB/mdbch/m/n' will be
(Font)              scaled to size 6.81604pt on input line 51.
LaTeX Font Info:    Font shape `OML/mdput/m/it' will be
(Font)              scaled to size 11.18602pt on input line 51.
LaTeX Font Info:    Font shape `OML/mdput/m/it' will be
(Font)              scaled to size 7.80202pt on input line 51.
LaTeX Font Info:    Font shape `OML/mdput/m/it' will be
(Font)              scaled to size 6.67401pt on input line 51.
 [1




] (thesis.toc [2

]
Package acronym Info: Label `acro:NLI' newly defined as it shall be overridden
although it is yet undefined on input line 10.

[3])
\tf@toc=\write5
\openout5 = `thesis.toc'.

 [4] (tex/introduction.tex
Package acronym Info: Label `acro:NLP' newly defined as it shall be overridden
although it is yet undefined on input line 2.
Package acronym Info: Label `acro:NLU' newly defined as it shall be overridden
although it is yet undefined on input line 2.

Underfull \hbox (badness 10000) in paragraph at lines 2--4

 []

Package acronym Info: Label `acro:RTE' newly defined as it shall be overridden
although it is yet undefined on input line 5.
Package acronym Info: Label `acro:LSTM' newly defined as it shall be overridden

although it is yet undefined on input line 8.
Package acronym Info: Label `acro:RNN' newly defined as it shall be overridden
although it is yet undefined on input line 8.
LaTeX Font Info:    Try loading font information for TS1+5ch on input line 10.
(/home/max/mytexmf/tex/latex/tex-tudfonts/softmake/charter/ts15ch.fd
File: ts15ch.fd 2008/06/23 Fontinst v1.927 font definitions for TS1/5ch.
)) [5


]
(tex/basics.tex
LaTeX Font Info:    Font shape `OT1/mdbch/m/n' will be
(Font)              scaled to size 7.87204pt on input line 11.
LaTeX Font Info:    Font shape `OT1/mdbch/m/n' will be
(Font)              scaled to size 5.56804pt on input line 11.
LaTeX Font Info:    Font shape `OT1/mdbch/m/n' will be
(Font)              scaled to size 4.70403pt on input line 11.
LaTeX Font Info:    Font shape `OML/mdbch/m/it' will be
(Font)              scaled to size 7.87204pt on input line 11.
LaTeX Font Info:    Font shape `OML/mdbch/m/it' will be
(Font)              scaled to size 5.56804pt on input line 11.
LaTeX Font Info:    Font shape `OML/mdbch/m/it' will be
(Font)              scaled to size 4.70403pt on input line 11.
LaTeX Font Info:    Font shape `OMS/mdbch/m/n' will be
(Font)              scaled to size 7.87204pt on input line 11.
LaTeX Font Info:    Font shape `OMS/mdbch/m/n' will be
(Font)              scaled to size 5.56804pt on input line 11.
LaTeX Font Info:    Font shape `OMS/mdbch/m/n' will be
(Font)              scaled to size 4.70403pt on input line 11.
LaTeX Font Info:    Font shape `OMX/mdbch/m/n' will be
(Font)              scaled to size 7.87204pt on input line 11.
LaTeX Font Info:    Font shape `OMX/mdbch/m/n' will be
(Font)              scaled to size 5.56804pt on input line 11.
LaTeX Font Info:    Font shape `OMX/mdbch/m/n' will be
(Font)              scaled to size 4.70403pt on input line 11.
LaTeX Font Info:    Font shape `OML/mdbch/m/n' will be
(Font)              scaled to size 7.87204pt on input line 11.
LaTeX Font Info:    Font shape `OML/mdbch/m/n' will be
(Font)              scaled to size 5.56804pt on input line 11.
LaTeX Font Info:    Font shape `OML/mdbch/m/n' will be
(Font)              scaled to size 4.70403pt on input line 11.
LaTeX Font Info:    Font shape `MDA/mdbch/m/n' will be
(Font)              scaled to size 7.87204pt on input line 11.
LaTeX Font Info:    Font shape `MDA/mdbch/m/n' will be
(Font)              scaled to size 5.56804pt on input line 11.
LaTeX Font Info:    Font shape `MDA/mdbch/m/n' will be
(Font)              scaled to size 4.70403pt on input line 11.
LaTeX Font Info:    Font shape `MDB/mdbch/m/n' will be
(Font)              scaled to size 7.87204pt on input line 11.
LaTeX Font Info:    Font shape `MDB/mdbch/m/n' will be
(Font)              scaled to size 5.56804pt on input line 11.
LaTeX Font Info:    Font shape `MDB/mdbch/m/n' will be
(Font)              scaled to size 4.70403pt on input line 11.
LaTeX Font Info:    Font shape `OML/mdput/m/it' will be
(Font)              scaled to size 7.70801pt on input line 11.
LaTeX Font Info:    Font shape `OML/mdput/m/it' will be
(Font)              scaled to size 5.45201pt on input line 11.
LaTeX Font Info:    Font shape `OML/mdput/m/it' will be
(Font)              scaled to size 4.606pt on input line 11.
Package acronym Info: Label `acro:QA' newly defined as it shall be overridden
although it is yet undefined on input line 30.
Package acronym Info: Label `acro:IE' newly defined as it shall be overridden
although it is yet undefined on input line 30.
 [6


]
<fig/lexical_relations.png, id=577, 831.105pt x 375.4025pt>
File: fig/lexical_relations.png Graphic file (type png)
<use fig/lexical_relations.png>
Package pdftex.def Info: fig/lexical_relations.png  used on input line 36.
(pdftex.def)             Requested size: 440.95277pt x 199.16928pt.
LaTeX Font Info:    Font shape `T1/5fp/m/it' in size <9.5> not available
(Font)              Font shape `T1/5fp/m/sl' tried instead on input line 37.
 [7 <./fig/lexical_relations.png>]
Package acronym Info: Label `acro:MLP' newly defined as it shall be overridden
although it is yet undefined on input line 55.
Package acronym Info: Label `acro:biLSTM' newly defined as it shall be overridd
en
although it is yet undefined on input line 58.
<fig/sentence_encoder_shortcut.png, id=621, 619.31375pt x 450.68375pt>
File: fig/sentence_encoder_shortcut.png Graphic file (type png)
<use fig/sentence_encoder_shortcut.png>
Package pdftex.def Info: fig/sentence_encoder_shortcut.png  used on input line 
61.
(pdftex.def)             Requested size: 312.7935pt x 227.62204pt.

Underfull \hbox (badness 10000) in paragraph at lines 58--67

 []

[8]
Package acronym Info: Label `acro:ReLU' newly defined as it shall be overridden

although it is yet undefined on input line 85.

Underfull \vbox (badness 5008) has occurred while \output is active []

 [9 <./fig/sentence_encoder_shortcut.png>]
LaTeX Font Info:    Calculating math sizes for size <6.9> on input line 105.
LaTeX Font Info:    Font shape `OT1/mdbch/m/n' will be
(Font)              scaled to size 4.6368pt on input line 105.
LaTeX Font Info:    Font shape `OT1/mdbch/m/n' will be
(Font)              scaled to size 3.97444pt on input line 105.
LaTeX Font Info:    Font shape `OML/mdbch/m/it' will be
(Font)              scaled to size 4.6368pt on input line 105.
LaTeX Font Info:    Font shape `OML/mdbch/m/it' will be
(Font)              scaled to size 3.97444pt on input line 105.
LaTeX Font Info:    Font shape `OMS/mdbch/m/n' will be
(Font)              scaled to size 4.6368pt on input line 105.
LaTeX Font Info:    Font shape `OMS/mdbch/m/n' will be
(Font)              scaled to size 3.97444pt on input line 105.
LaTeX Font Info:    Font shape `OMX/mdbch/m/n' will be
(Font)              scaled to size 4.6368pt on input line 105.
LaTeX Font Info:    Font shape `OMX/mdbch/m/n' will be
(Font)              scaled to size 3.97444pt on input line 105.
LaTeX Font Info:    Font shape `OML/mdbch/m/n' will be
(Font)              scaled to size 4.6368pt on input line 105.
LaTeX Font Info:    Font shape `OML/mdbch/m/n' will be
(Font)              scaled to size 3.97444pt on input line 105.
LaTeX Font Info:    Font shape `MDA/mdbch/m/n' will be
(Font)              scaled to size 4.6368pt on input line 105.
LaTeX Font Info:    Font shape `MDA/mdbch/m/n' will be
(Font)              scaled to size 3.97444pt on input line 105.
LaTeX Font Info:    Font shape `MDB/mdbch/m/n' will be
(Font)              scaled to size 4.6368pt on input line 105.
LaTeX Font Info:    Font shape `MDB/mdbch/m/n' will be
(Font)              scaled to size 3.97444pt on input line 105.
LaTeX Font Info:    Font shape `OML/mdput/m/it' will be
(Font)              scaled to size 4.54018pt on input line 105.
LaTeX Font Info:    Font shape `OML/mdput/m/it' will be
(Font)              scaled to size 3.89163pt on input line 105.
 [10]) [11] (tex/related_work.tex
<fig/wordnet_example.png, id=752, 625.33624pt x 256.96pt>
File: fig/wordnet_example.png Graphic file (type png)
<use fig/wordnet_example.png>
Package pdftex.def Info: fig/wordnet_example.png  used on input line 9.
(pdftex.def)             Requested size: 242.35345pt x 99.58464pt.
Package acronym Info: Label `acro:POS' newly defined as it shall be overridden
although it is yet undefined on input line 13.
Package acronym Info: Label `acro:WSD' newly defined as it shall be overridden
although it is yet undefined on input line 18.
 [12


 <./fig/wordnet_example.png>]
Package acronym Info: Label `acro:YAGO' newly defined as it shall be overridden

although it is yet undefined on input line 30.
Package acronym Info: Label `acro:SNLI' newly defined as it shall be overridden

although it is yet undefined on input line 33.
Package acronym Info: Label `acro:SICK' newly defined as it shall be overridden

although it is yet undefined on input line 33.
 [13]
Underfull \hbox (badness 10000) in paragraph at lines 80--83

 []

[14]
Package acronym Info: Label `acro:BoW' newly defined as it shall be overridden
although it is yet undefined on input line 85.

Underfull \hbox (badness 10000) in paragraph at lines 84--87

 []

Package acronym Info: Label `acro:MultiNLI' newly defined as it shall be overri
dden
although it is yet undefined on input line 92.
Package acronym Info: Label `acro:OANC' newly defined as it shall be overridden

although it is yet undefined on input line 94.

Underfull \vbox (badness 3078) has occurred while \output is active []

 [15]
Underfull \hbox (badness 2020) in paragraph at lines 111--111
[]\T1/5ch/m/n/9.5 People formed a line at the end of
 []

Package acronym Info: Label `acro:IR' newly defined as it shall be overridden
although it is yet undefined on input line 132.

Underfull \hbox (badness 4266) in paragraph at lines 144--144
[]\T1/5ch/m/n/9.5 Joints are the location where
 []


Underfull \hbox (badness 4266) in paragraph at lines 147--147
[]\T1/5ch/m/n/9.5 Joints are the location where
 []

[16] [17]
Package acronym Info: Label `acro:ESIM' newly defined as it shall be overridden

although it is yet undefined on input line 177.
Package acronym Info: Label `acro:KIM' newly defined as it shall be overridden
although it is yet undefined on input line 180.
 [18]) [19] (tex/understanding.tex
Underfull \hbox (badness 10000) in paragraph at lines 4--6

 []

<fig/rnn.png, id=1152, 912.40875pt x 309.155pt>
File: fig/rnn.png Graphic file (type png)
<use fig/rnn.png>
Package pdftex.def Info: fig/rnn.png  used on input line 19.
(pdftex.def)             Requested size: 461.85568pt x 156.49014pt.
<fig/example_process_understanding.png, id=1166, 612.2875pt x 106.3975pt>
File: fig/example_process_understanding.png Graphic file (type png)
<use fig/example_process_understanding.png>
Package pdftex.def Info: fig/example_process_understanding.png  used on input l
ine 26.
(pdftex.def)             Requested size: 327.48183pt x 56.9055pt.
[20


 <./fig/rnn.png>]
Underfull \hbox (badness 10000) in paragraph at lines 33--35

 []

Package acronym Info: Label `acro:SD' newly defined as it shall be overridden
although it is yet undefined on input line 48.
<fig/sd.png, id=1187, 876.27374pt x 480.79625pt>
File: fig/sd.png Graphic file (type png)
<use fig/sd.png>
Package pdftex.def Info: fig/sd.png  used on input line 51.
(pdftex.def)             Requested size: 414.85715pt x 227.62204pt.
[21 <./fig/example_process_understanding.png>]
<fig/finpone.png, id=1203, 773.89125pt x 183.68625pt>
File: fig/finpone.png Graphic file (type png)
<use fig/finpone.png>
Package pdftex.def Info: fig/finpone.png  used on input line 64.
(pdftex.def)             Requested size: 479.5124pt x 113.81102pt.
LaTeX Font Info:    Try loading font information for T1+txtt on input line 68.

(/home/max/.miktex/texmfs/install/tex/latex/txfonts/t1txtt.fd
File: t1txtt.fd 2000/12/15 v3.1
) [22 <./fig/sd.png>]
<fig/finsynpos3.png, id=1233, 963.6pt x 393.47pt>
File: fig/finsynpos3.png Graphic file (type png)
<use fig/finsynpos3.png>
Package pdftex.def Info: fig/finsynpos3.png  used on input line 77.
(pdftex.def)             Requested size: 487.75368pt x 199.16928pt.
 [23 <./fig/finpone.png>]
<fig/findmf.png, id=1253, 894.34125pt x 256.96pt>
File: fig/findmf.png Graphic file (type png)
<use fig/findmf.png>
Package pdftex.def Info: fig/findmf.png  used on input line 94.
(pdftex.def)             Requested size: 495.15073pt x 142.26378pt.
 [24 <./fig/finsynpos3.png>]
<fig/mf_basic.png, id=1270, 1537.745pt x 422.57875pt>
File: fig/mf_basic.png Graphic file (type png)
<use fig/mf_basic.png>
Package pdftex.def Info: fig/mf_basic.png  used on input line 106.
(pdftex.def)             Requested size: 465.92603pt x 128.0374pt.
<fig/mf_detailed.png, id=1273, 1386.17876pt x 416.55624pt>
File: fig/mf_detailed.png Graphic file (type png)
<use fig/mf_detailed.png>
Package pdftex.def Info: fig/mf_detailed.png  used on input line 114.
(pdftex.def)             Requested size: 426.07294pt x 128.0374pt.

Underfull \hbox (badness 10000) in paragraph at lines 103--120

 []

[25 <./fig/findmf.png> <./fig/mf_basic.png>]
<fig/mf_detailed_f.png, id=1285, 1194.4625pt x 420.57124pt>
File: fig/mf_detailed_f.png Graphic file (type png)
<use fig/mf_detailed_f.png>
Package pdftex.def Info: fig/mf_detailed_f.png  used on input line 125.
(pdftex.def)             Requested size: 404.0341pt x 142.26378pt.
 [26 <./fig/mf_detailed.png> <./fig/mf_detailed_f.png>]
Underfull \hbox (badness 2245) in paragraph at lines 144--144
\T1/5fp/m/n/9.5 dimensional sentence representations
 []

LaTeX Font Info:    Calculating math sizes for size <5.8> on input line 148.
LaTeX Font Info:    Font shape `OT1/mdbch/m/n' will be
(Font)              scaled to size 3.8976pt on input line 148.
LaTeX Font Info:    Font shape `OT1/mdbch/m/n' will be
(Font)              scaled to size 3.34084pt on input line 148.
LaTeX Font Info:    Font shape `OML/mdbch/m/it' will be
(Font)              scaled to size 3.8976pt on input line 148.
LaTeX Font Info:    Font shape `OML/mdbch/m/it' will be
(Font)              scaled to size 3.34084pt on input line 148.
LaTeX Font Info:    Font shape `OMS/mdbch/m/n' will be
(Font)              scaled to size 3.8976pt on input line 148.
LaTeX Font Info:    Font shape `OMS/mdbch/m/n' will be
(Font)              scaled to size 3.34084pt on input line 148.
LaTeX Font Info:    Font shape `OMX/mdbch/m/n' will be
(Font)              scaled to size 3.8976pt on input line 148.
LaTeX Font Info:    Font shape `OMX/mdbch/m/n' will be
(Font)              scaled to size 3.34084pt on input line 148.
LaTeX Font Info:    Font shape `OML/mdbch/m/n' will be
(Font)              scaled to size 3.8976pt on input line 148.
LaTeX Font Info:    Font shape `OML/mdbch/m/n' will be
(Font)              scaled to size 3.34084pt on input line 148.
LaTeX Font Info:    Font shape `MDA/mdbch/m/n' will be
(Font)              scaled to size 3.8976pt on input line 148.
LaTeX Font Info:    Font shape `MDA/mdbch/m/n' will be
(Font)              scaled to size 3.34084pt on input line 148.
LaTeX Font Info:    Font shape `MDB/mdbch/m/n' will be
(Font)              scaled to size 3.8976pt on input line 148.
LaTeX Font Info:    Font shape `MDB/mdbch/m/n' will be
(Font)              scaled to size 3.34084pt on input line 148.
LaTeX Font Info:    Font shape `OML/mdput/m/it' will be
(Font)              scaled to size 3.81639pt on input line 148.
LaTeX Font Info:    Font shape `OML/mdput/m/it' will be
(Font)              scaled to size 3.27122pt on input line 148.

Underfull \hbox (badness 1769) in paragraph at lines 148--149
\T1/5ch/m/n/9.5 Specifically we found four dimensions to encode each gender
 []

[27]
Underfull \hbox (badness 10000) in paragraph at lines 189--218

 []

[28] [29]
<fig/find_syntax_vb.png, id=1338, 1304.875pt x 440.64626pt>
File: fig/find_syntax_vb.png Graphic file (type png)
<use fig/find_syntax_vb.png>
Package pdftex.def Info: fig/find_syntax_vb.png  used on input line 243.
(pdftex.def)             Requested size: 505.53429pt x 170.71652pt.

Overfull \hbox (7.61104pt too wide) in paragraph at lines 243--244
 [][] 
 []

<fig/find_syntax_subj_obj.png, id=1348, 1377.145pt x 431.6125pt>
File: fig/find_syntax_subj_obj.png Graphic file (type png)
<use fig/find_syntax_subj_obj.png>
Package pdftex.def Info: fig/find_syntax_subj_obj.png  used on input line 252.
(pdftex.def)             Requested size: 453.9129pt x 142.26378pt.

Underfull \hbox (badness 10000) in paragraph at lines 249--258

 []

[30 <./fig/find_syntax_vb.png>] [31 <./fig/find_syntax_subj_obj.png>]
<fig/alignment_entailment_sample_general.png, id=1371, 788.9475pt x 333.245pt>
File: fig/alignment_entailment_sample_general.png Graphic file (type png)
<use fig/alignment_entailment_sample_general.png>
Package pdftex.def Info: fig/alignment_entailment_sample_general.png  used on i
nput line 286.
(pdftex.def)             Requested size: 471.53027pt x 199.16928pt.

Underfull \hbox (badness 10000) in paragraph at lines 283--292

 []

<fig/alignment_entailment_sample_mult.png, id=1374, 812.03375pt x 336.25626pt>
File: fig/alignment_entailment_sample_mult.png Graphic file (type png)
<use fig/alignment_entailment_sample_mult.png>
Package pdftex.def Info: fig/alignment_entailment_sample_mult.png  used on inpu
t line 297.
(pdftex.def)             Requested size: 480.97914pt x 199.16928pt.
[32 <./fig/alignment_entailment_sample_general.png>]
<fig/alignment_contr_sample_general.png, id=1388, 900.36375pt x 377.41pt>
File: fig/alignment_contr_sample_general.png Graphic file (type png)
<use fig/alignment_contr_sample_general.png>
Package pdftex.def Info: fig/alignment_contr_sample_general.png  used on input 
line 307.
(pdftex.def)             Requested size: 475.1435pt x 199.16928pt.
 [33 <./fig/alignment_entailment_sample_mult.png> <./fig/alignment_contr_sample
_general.png>]
<fig/contradiction_alignment_unshared_dimwise.png, id=1398, 709.65125pt x 508.9
0125pt>
File: fig/contradiction_alignment_unshared_dimwise.png Graphic file (type png)
<use fig/contradiction_alignment_unshared_dimwise.png>
Package pdftex.def Info: fig/contradiction_alignment_unshared_dimwise.png  used
 on input line 319.
(pdftex.def)             Requested size: 277.73743pt x 199.16928pt.
 [34 <./fig/contradiction_alignment_unshared_dimwise.png>]
<fig/sample_coverage_prob.png, id=1408, 909.3975pt x 496.85625pt>
File: fig/sample_coverage_prob.png Graphic file (type png)
<use fig/sample_coverage_prob.png>
Package pdftex.def Info: fig/sample_coverage_prob.png  used on input line 342.
(pdftex.def)             Requested size: 312.46587pt x 170.71652pt.
<fig/entailment_uninversed.png, id=1412, 537.00626pt x 454.69875pt>
File: fig/entailment_uninversed.png Graphic file (type png)
<use fig/entailment_uninversed.png>
Package pdftex.def Info: fig/entailment_uninversed.png  used on input line 352.

(pdftex.def)             Requested size: 218.42046pt x 184.9429pt.
 [35 <./fig/sample_coverage_prob.png>]
<fig/alignment_entailment_inversed.png, id=1425, 1105.12875pt x 456.70625pt>
File: fig/alignment_entailment_inversed.png Graphic file (type png)
<use fig/alignment_entailment_inversed.png>
Package pdftex.def Info: fig/alignment_entailment_inversed.png  used on input l
ine 371.
(pdftex.def)             Requested size: 481.94127pt x 199.16928pt.
 [36 <./fig/entailment_uninversed.png> <./fig/alignment_entailment_inversed.png
>]
<fig/neutr_contr_uninversed.png, id=1434, 1099.10625pt x 451.6875pt>
File: fig/neutr_contr_uninversed.png Graphic file (type png)
<use fig/neutr_contr_uninversed.png>
Package pdftex.def Info: fig/neutr_contr_uninversed.png  used on input line 379
.
(pdftex.def)             Requested size: 484.64804pt x 199.16928pt.
 [37 <./fig/neutr_contr_uninversed.png>]
Underfull \hbox (badness 10000) in paragraph at lines 407--409

 []

[38] [39]
Underfull \hbox (badness 10000) in paragraph at lines 470--472

 []

) [40] (tex/additional_testset.tex [41


] [42]
Underfull \hbox (badness 10000) in paragraph at lines 75--77

 []

[43]
Package acronym Info: Label `acro:HIT' newly defined as it shall be overridden
although it is yet undefined on input line 97.
<fig/sample_hit.png, id=1586, 1026.83624pt x 573.14125pt>
File: fig/sample_hit.png Graphic file (type png)
<use fig/sample_hit.png>
Package pdftex.def Info: fig/sample_hit.png  used on input line 108.
(pdftex.def)             Requested size: 356.82848pt x 199.16928pt.

Underfull \hbox (badness 10000) in paragraph at lines 105--114

 []

[44] [45 <./fig/sample_hit.png>] [46] [47] [48]
<fig/acc_by_cos.png, id=1723, 337.86224pt x 253.54726pt>
File: fig/acc_by_cos.png Graphic file (type png)
<use fig/acc_by_cos.png>
Package pdftex.def Info: fig/acc_by_cos.png  used on input line 240.
(pdftex.def)             Requested size: 189.58305pt x 142.26378pt.
<fig/esim_res_acc_by_freq.png, id=1726, 462.528pt x 346.896pt>
File: fig/esim_res_acc_by_freq.png Graphic file (type png)
<use fig/esim_res_acc_by_freq.png>
Package pdftex.def Info: fig/esim_res_acc_by_freq.png  used on input line 253.
(pdftex.def)             Requested size: 227.6217pt x 170.71652pt.
 [49 <./fig/acc_by_cos.png>])
[50 <./fig/esim_res_acc_by_freq.png>] [51] (tex/approaches_ext_res.tex [52


]
Package acronym Info: Label `acro:MSE' newly defined as it shall be overridden
although it is yet undefined on input line 21.
<fig/mt_architecture.png, id=1792, 665.48625pt x 401.5pt>
File: fig/mt_architecture.png Graphic file (type png)
<use fig/mt_architecture.png>
Package pdftex.def Info: fig/mt_architecture.png  used on input line 34.
(pdftex.def)             Requested size: 259.38628pt x 156.49014pt.

[53] [54 <./fig/mt_architecture.png>] [55]
LaTeX Font Info:    Font shape `T1/mdbch/b/n' will be
(Font)              scaled to size 9.50406pt on input line 78.
LaTeX Font Info:    Font shape `T1/mdbch/b/n' will be
(Font)              scaled to size 6.62404pt on input line 78.
LaTeX Font Info:    Font shape `T1/mdbch/b/n' will be
(Font)              scaled to size 5.66403pt on input line 78.
LaTeX Font Info:    Font shape `T1/mdbch/b/n' will be
(Font)              scaled to size 7.87204pt on input line 96.
LaTeX Font Info:    Font shape `T1/mdbch/b/n' will be
(Font)              scaled to size 5.56804pt on input line 96.
LaTeX Font Info:    Font shape `T1/mdbch/b/n' will be
(Font)              scaled to size 4.70403pt on input line 96.
 [56]
LaTeX Font Info:    Font shape `T1/mdbch/b/n' will be
(Font)              scaled to size 4.6368pt on input line 101.
LaTeX Font Info:    Font shape `T1/mdbch/b/n' will be
(Font)              scaled to size 3.97444pt on input line 101.

Underfull \hbox (badness 10000) in paragraph at lines 125--162

 []

[57]
<fig/analyse_hypern5.png, id=1888, 892.33376pt x 372.39125pt>
File: fig/analyse_hypern5.png Graphic file (type png)
<use fig/analyse_hypern5.png>
Package pdftex.def Info: fig/analyse_hypern5.png  used on input line 203.
(pdftex.def)             Requested size: 374.99548pt x 156.49014pt.
 [58] [59 <./fig/analyse_hypern5.png>] [60]
<fig/base_correct_incorrect_c.png, id=1935, 1054.94125pt x 456.70625pt>
File: fig/base_correct_incorrect_c.png Graphic file (type png)
<use fig/base_correct_incorrect_c.png>
Package pdftex.def Info: fig/base_correct_incorrect_c.png  used on input line 2
76.
(pdftex.def)             Requested size: 460.05473pt x 199.16928pt.
<fig/300d75_correct_incorrect_c.png, id=1939, 1111.15125pt x 481.8pt>
File: fig/300d75_correct_incorrect_c.png Graphic file (type png)
<use fig/300d75_correct_incorrect_c.png>
Package pdftex.def Info: fig/300d75_correct_incorrect_c.png  used on input line
 283.
(pdftex.def)             Requested size: 459.32196pt x 199.16928pt.


LaTeX Warning: Reference `masking_e_c' on page 61 undefined on input line 287.

<fig/masking_e_c.png, id=1941, 1107.13625pt x 450.68375pt>
File: fig/masking_e_c.png Graphic file (type png)
<use fig/masking_e_c.png>
Package pdftex.def Info: fig/masking_e_c.png  used on input line 290.
(pdftex.def)             Requested size: 489.27003pt x 199.16928pt.
[61] [62 <./fig/base_correct_incorrect_c.png> <./fig/300d75_correct_incorrect_c
.png>]) [63 <./fig/masking_e_c.png>] [64] (tex/conclusion.tex) [65


] (thesis.bbl [66


] [67] [68] [69]) [70] (thesis.lof)
\tf@lof=\write6
\openout6 = `thesis.lof'.

 [71


] (thesis.lot)
\tf@lot=\write7
\openout7 = `thesis.lot'.

 [72


]
Package atveryend Info: Empty hook `BeforeClearDocument' on input line 110.
Package atveryend Info: Empty hook `AfterLastShipout' on input line 110.
 (thesis.aux)
Package atveryend Info: Executing hook `AtVeryEndDocument' on input line 110.
Package atveryend Info: Executing hook `AtEndAfterFileList' on input line 110.
Package rerunfilecheck Info: File `thesis.out' has not changed.
(rerunfilecheck)             Checksum: 1D0AF54FE6128A2453B42DC44B80EE8F;6069.


LaTeX Warning: There were undefined references.

 ) 
Here is how much of TeX's memory you used:
 15381 strings out of 494894
 244202 string characters out of 3178852
 451237 words of memory out of 3000000
 18122 multiletter control sequences out of 15000+200000
 271589 words of font info for 235 fonts, out of 3000000 for 9000
 0 hyphenation exceptions out of 8191
 65i,23n,77p,9147b,674s stack positions out of 5000i,500n,10000p,200000b,50000s
{/home/max/.miktex/texmfs/install/fonts/enc/dvips/ly1/texnansi.enc}{/home/max
/.miktex/texmfs/install/fonts/enc/dvips/base/8r.enc}</home/max/mytexmf/fonts/ty
pe1/softmake/charter/5chb8a.pfb></home/max/mytexmf/fonts/type1/softmake/charter
/5chr8a.pfb></home/max/mytexmf/fonts/type1/softmake/charter/5chri8a.pfb></home/
max/mytexmf/fonts/type1/softmake/frontpage/5fpm8a.pfb></home/max/mytexmf/fonts/
type1/softmake/frontpage/5fpr8a.pfb></home/max/mytexmf/fonts/type1/softmake/fro
ntpage/5fpr8a.pfb></home/max/mytexmf/fonts/type1/softmake/stafford/5sfr8a.pfb><
/home/max/.miktex/texmfs/install/fonts/type1/bitstrea/charter/bchb8a.pfb></home
/max/.miktex/texmfs/install/fonts/type1/bitstrea/charter/bchr8a.pfb></home/max/
.miktex/texmfs/install/fonts/type1/bitstrea/charter/bchri8a.pfb></home/max/.mik
tex/texmfs/install/fonts/type1/mathdesign/mdbch/md-chr7m.pfb></home/max/.miktex
/texmfs/install/fonts/type1/mathdesign/mdbch/md-chr7t.pfb></home/max/.miktex/te
xmfs/install/fonts/type1/mathdesign/mdbch/md-chr7v.pfb></home/max/.miktex/texmf
s/install/fonts/type1/mathdesign/mdbch/md-chr7y.pfb></home/max/.miktex/texmfs/i
nstall/fonts/type1/mathdesign/mdbch/md-chri7m.pfb></home/max/.miktex/texmfs/ins
tall/fonts/type1/mathdesign/mdbch/md-chrma.pfb></home/max/.miktex/texmfs/instal
l/fonts/type1/mathdesign/mdbch/md-chrmb.pfb></home/max/.miktex/texmfs/install/f
onts/type1/adobe/utopia/putri8a.pfb></home/max/.miktex/texmfs/install/fonts/typ
e1/public/txfonts/t1xtt.pfb>
Output written on thesis.pdf (74 pages, 2098896 bytes).
PDF statistics:
 2275 PDF objects out of 2487 (max. 8388607)
 437 named destinations out of 1000 (max. 500000)
 781 words of extra memory for PDF output out of 10000 (max. 10000000)

