\BOOKMARK [1][-]{section.1}{Introduction}{}% 1
\BOOKMARK [2][-]{subsection.1.1}{Goal of this thesis}{section.1}% 2
\BOOKMARK [2][-]{subsection.1.2}{Structure of this thesis}{section.1}% 3
\BOOKMARK [1][-]{section.2}{Theoretical Background}{}% 4
\BOOKMARK [2][-]{subsection.2.1}{Natural Language Inference}{section.2}% 5
\BOOKMARK [3][-]{subsubsection.2.1.1}{Relatedness to other NLP tasks}{subsection.2.1}% 6
\BOOKMARK [2][-]{subsection.2.2}{Lexical Semantic Relations}{section.2}% 7
\BOOKMARK [3][-]{subsubsection.2.2.1}{Synonymy and antonomy}{subsection.2.2}% 8
\BOOKMARK [3][-]{subsubsection.2.2.2}{Hypernomy}{subsection.2.2}% 9
\BOOKMARK [3][-]{subsubsection.2.2.3}{Holonomy}{subsection.2.2}% 10
\BOOKMARK [3][-]{subsubsection.2.2.4}{Lexical semantic realtions for NLI}{subsection.2.2}% 11
\BOOKMARK [2][-]{subsection.2.3}{Shortcut-Stacked-Encoder and Residual Encoder}{section.2}% 12
\BOOKMARK [3][-]{subsubsection.2.3.1}{Sentence Encoding for Shortcut-Stacked-Encoder}{subsection.2.3}% 13
\BOOKMARK [3][-]{subsubsection.2.3.2}{Classification}{subsection.2.3}% 14
\BOOKMARK [3][-]{subsubsection.2.3.3}{Training}{subsection.2.3}% 15
\BOOKMARK [3][-]{subsubsection.2.3.4}{Residual Encoder and Reimplementation Variants}{subsection.2.3}% 16
\BOOKMARK [1][-]{section.3}{Related Work}{}% 17
\BOOKMARK [2][-]{subsection.3.1}{External Resources}{section.3}% 18
\BOOKMARK [3][-]{subsubsection.3.1.1}{WordNet}{subsection.3.1}% 19
\BOOKMARK [3][-]{subsubsection.3.1.2}{Wikipedia}{subsection.3.1}% 20
\BOOKMARK [3][-]{subsubsection.3.1.3}{Derived from multiple Knowledge Bases}{subsection.3.1}% 21
\BOOKMARK [2][-]{subsection.3.2}{Datasets for NLI}{section.3}% 22
\BOOKMARK [3][-]{subsubsection.3.2.1}{SNLI}{subsection.3.2}% 23
\BOOKMARK [3][-]{subsubsection.3.2.2}{MultiNLI}{subsection.3.2}% 24
\BOOKMARK [3][-]{subsubsection.3.2.3}{SciTail}{subsection.3.2}% 25
\BOOKMARK [2][-]{subsection.3.3}{Neural Models for NLI}{section.3}% 26
\BOOKMARK [3][-]{subsubsection.3.3.1}{Sentence Encoding Models}{subsection.3.3}% 27
\BOOKMARK [3][-]{subsubsection.3.3.2}{Inter-sentence-attention-based models}{subsection.3.3}% 28
\BOOKMARK [2][-]{subsection.3.4}{Integration of external Resources into Neural Networks}{section.3}% 29
\BOOKMARK [3][-]{subsubsection.3.4.1}{Improving word-embeddings}{subsection.3.4}% 30
\BOOKMARK [1][-]{section.4}{Understanding Shortcut-Stacked-Encoder}{}% 31
\BOOKMARK [2][-]{subsection.4.1}{Motivation}{section.4}% 32
\BOOKMARK [2][-]{subsection.4.2}{Insights on the sentence representation}{section.4}% 33
\BOOKMARK [3][-]{subsubsection.4.2.1}{Approach}{subsection.4.2}% 34
\BOOKMARK [3][-]{subsubsection.4.2.2}{Detection of relevant dimensions}{subsection.4.2}% 35
\BOOKMARK [3][-]{subsubsection.4.2.3}{Female and male dimensions}{subsection.4.2}% 36
\BOOKMARK [3][-]{subsubsection.4.2.4}{Other semantic dimensions}{subsection.4.2}% 37
\BOOKMARK [3][-]{subsubsection.4.2.5}{Syntactic dimensions}{subsection.4.2}% 38
\BOOKMARK [2][-]{subsection.4.3}{Insights on the sentence alignment}{section.4}% 39
\BOOKMARK [3][-]{subsubsection.4.3.1}{Alignment analysis on a single sample}{subsection.4.3}% 40
\BOOKMARK [3][-]{subsubsection.4.3.2}{Approach for a general alignment understanding}{subsection.4.3}% 41
\BOOKMARK [3][-]{subsubsection.4.3.3}{Entailment analysis}{subsection.4.3}% 42
\BOOKMARK [3][-]{subsubsection.4.3.4}{Neutral and contradiction analysis}{subsection.4.3}% 43
\BOOKMARK [2][-]{subsection.4.4}{Summarizing the insights on max-pooled sentence-representations}{section.4}% 44
\BOOKMARK [2][-]{subsection.4.5}{Identification of missing knowledge}{section.4}% 45
\BOOKMARK [3][-]{subsubsection.4.5.1}{Approach}{subsection.4.5}% 46
\BOOKMARK [3][-]{subsubsection.4.5.2}{Results}{subsection.4.5}% 47
\BOOKMARK [3][-]{subsubsection.4.5.3}{Conclusions}{subsection.4.5}% 48
\BOOKMARK [1][-]{section.5}{Additional SNLI test-set}{}% 49
\BOOKMARK [2][-]{subsection.5.1}{Goal of the new test set}{section.5}% 50
\BOOKMARK [2][-]{subsection.5.2}{Dataset}{section.5}% 51
\BOOKMARK [3][-]{subsubsection.5.2.1}{Creation of adversarial samples}{subsection.5.2}% 52
\BOOKMARK [3][-]{subsubsection.5.2.2}{Validation}{subsection.5.2}% 53
\BOOKMARK [2][-]{subsection.5.3}{Evaluation}{section.5}% 54
\BOOKMARK [3][-]{subsubsection.5.3.1}{Experimental setup}{subsection.5.3}% 55
\BOOKMARK [3][-]{subsubsection.5.3.2}{Models with external knowledge}{subsection.5.3}% 56
\BOOKMARK [3][-]{subsubsection.5.3.3}{Results}{subsection.5.3}% 57
\BOOKMARK [2][-]{subsection.5.4}{Analysis}{section.5}% 58
\BOOKMARK [3][-]{subsubsection.5.4.1}{Accuracy by category}{subsection.5.4}% 59
\BOOKMARK [3][-]{subsubsection.5.4.2}{Impact on the word embeddings}{subsection.5.4}% 60
\BOOKMARK [2][-]{subsection.5.5}{Conclusion of the adversarial dataset}{section.5}% 61
\BOOKMARK [1][-]{section.6}{Approaches to incorporate WordNet information}{}% 62
\BOOKMARK [2][-]{subsection.6.1}{Methods}{section.6}% 63
\BOOKMARK [3][-]{subsubsection.6.1.1}{Drawbacks of using insights of max-pooled sentence representations}{subsection.6.1}% 64
\BOOKMARK [3][-]{subsubsection.6.1.2}{Fuse WordNet information within the embedding-layer}{subsection.6.1}% 65
\BOOKMARK [3][-]{subsubsection.6.1.3}{Fuse WordNet information within the sentence-representations}{subsection.6.1}% 66
\BOOKMARK [2][-]{subsection.6.2}{Extraction of WordNet data}{section.6}% 67
\BOOKMARK [3][-]{subsubsection.6.2.1}{Strategy to extract data}{subsection.6.2}% 68
\BOOKMARK [3][-]{subsubsection.6.2.2}{Final extracted data}{subsection.6.2}% 69
\BOOKMARK [2][-]{subsection.6.3}{Evaluation}{section.6}% 70
\BOOKMARK [3][-]{subsubsection.6.3.1}{Integrate WordNet using embeddings}{subsection.6.3}% 71
\BOOKMARK [3][-]{subsubsection.6.3.2}{Integrate WordNet using multitask-learning}{subsection.6.3}% 72
\BOOKMARK [2][-]{subsection.6.4}{Analysis}{section.6}% 73
\BOOKMARK [3][-]{subsubsection.6.4.1}{Integrate WordNet using embeddings}{subsection.6.4}% 74
\BOOKMARK [3][-]{subsubsection.6.4.2}{Integrate WordNet using multitask-learning}{subsection.6.4}% 75
\BOOKMARK [2][-]{subsection.6.5}{Summarizing experiments to incorporate WordNet}{section.6}% 76
\BOOKMARK [1][-]{section.7}{Conclusion and future work}{}% 77
